/!\ FAILSAFE /!\  2014-04-15 11:22:50 +0700
  Status: 500 Internal Server Error
  no such file to load -- sqlite3
    /Users/Admin/.rvm/rubies/ruby-1.9.1-p431/lib/ruby/site_ruby/1.9.1/rubygems/custom_require.rb:36:in `require'
    /Users/Admin/.rvm/rubies/ruby-1.9.1-p431/lib/ruby/site_ruby/1.9.1/rubygems/custom_require.rb:36:in `require'
    /Users/Admin/.rvm/gems/ruby-1.9.1-p431@global/gems/activesupport-2.3.5/lib/active_support/dependencies.rb:156:in `block in require'
    /Users/Admin/.rvm/gems/ruby-1.9.1-p431@global/gems/activesupport-2.3.5/lib/active_support/dependencies.rb:521:in `new_constants_in'
    /Users/Admin/.rvm/gems/ruby-1.9.1-p431@global/gems/activesupport-2.3.5/lib/active_support/dependencies.rb:156:in `require'
    /Users/Admin/.rvm/gems/ruby-1.9.1-p431@global/gems/activesupport-2.3.5/lib/active_support/core_ext/kernel/requires.rb:7:in `block in require_library_or_gem'
    /Users/Admin/.rvm/gems/ruby-1.9.1-p431@global/gems/activesupport-2.3.5/lib/active_support/core_ext/kernel/reporting.rb:11:in `silence_warnings'
    /Users/Admin/.rvm/gems/ruby-1.9.1-p431@global/gems/activesupport-2.3.5/lib/active_support/core_ext/kernel/requires.rb:5:in `require_library_or_gem'
    /Users/Admin/.rvm/gems/ruby-1.9.1-p431@global/gems/activerecord-2.3.5/lib/active_record/connection_adapters/sqlite3_adapter.rb:10:in `sqlite3_connection'
    /Users/Admin/.rvm/gems/ruby-1.9.1-p431@global/gems/activerecord-2.3.5/lib/active_record/connection_adapters/abstract/connection_pool.rb:223:in `new_connection'
    /Users/Admin/.rvm/gems/ruby-1.9.1-p431@global/gems/activerecord-2.3.5/lib/active_record/connection_adapters/abstract/connection_pool.rb:245:in `checkout_new_connection'
    /Users/Admin/.rvm/gems/ruby-1.9.1-p431@global/gems/activerecord-2.3.5/lib/active_record/connection_adapters/abstract/connection_pool.rb:188:in `block (2 levels) in checkout'
    /Users/Admin/.rvm/gems/ruby-1.9.1-p431@global/gems/activerecord-2.3.5/lib/active_record/connection_adapters/abstract/connection_pool.rb:184:in `loop'
    /Users/Admin/.rvm/gems/ruby-1.9.1-p431@global/gems/activerecord-2.3.5/lib/active_record/connection_adapters/abstract/connection_pool.rb:184:in `block in checkout'
    /Users/Admin/.rvm/rubies/ruby-1.9.1-p431/lib/ruby/1.9.1/monitor.rb:190:in `mon_synchronize'
    /Users/Admin/.rvm/gems/ruby-1.9.1-p431@global/gems/activerecord-2.3.5/lib/active_record/connection_adapters/abstract/connection_pool.rb:183:in `checkout'
    /Users/Admin/.rvm/gems/ruby-1.9.1-p431@global/gems/activerecord-2.3.5/lib/active_record/connection_adapters/abstract/connection_pool.rb:98:in `connection'
    /Users/Admin/.rvm/gems/ruby-1.9.1-p431@global/gems/activerecord-2.3.5/lib/active_record/connection_adapters/abstract/connection_pool.rb:326:in `retrieve_connection'
    /Users/Admin/.rvm/gems/ruby-1.9.1-p431@global/gems/activerecord-2.3.5/lib/active_record/connection_adapters/abstract/connection_specification.rb:123:in `retrieve_connection'
    /Users/Admin/.rvm/gems/ruby-1.9.1-p431@global/gems/activerecord-2.3.5/lib/active_record/connection_adapters/abstract/connection_specification.rb:115:in `connection'
    /Users/Admin/.rvm/gems/ruby-1.9.1-p431@global/gems/activerecord-2.3.5/lib/active_record/query_cache.rb:9:in `cache'
    /Users/Admin/.rvm/gems/ruby-1.9.1-p431@global/gems/activerecord-2.3.5/lib/active_record/query_cache.rb:28:in `call'
    /Users/Admin/.rvm/gems/ruby-1.9.1-p431@global/gems/activerecord-2.3.5/lib/active_record/connection_adapters/abstract/connection_pool.rb:361:in `call'
    /Users/Admin/.rvm/gems/ruby-1.9.1-p431@global/gems/actionpack-2.3.5/lib/action_controller/string_coercion.rb:25:in `call'
    /Users/Admin/.rvm/gems/ruby-1.9.1-p431@global/gems/rack-1.0.1/lib/rack/head.rb:9:in `call'
    /Users/Admin/.rvm/gems/ruby-1.9.1-p431@global/gems/rack-1.0.1/lib/rack/methodoverride.rb:24:in `call'
    /Users/Admin/.rvm/gems/ruby-1.9.1-p431@global/gems/actionpack-2.3.5/lib/action_controller/params_parser.rb:15:in `call'
    /Users/Admin/.rvm/gems/ruby-1.9.1-p431@global/gems/actionpack-2.3.5/lib/action_controller/session/cookie_store.rb:93:in `call'
    /Users/Admin/.rvm/gems/ruby-1.9.1-p431@global/gems/actionpack-2.3.5/lib/action_controller/failsafe.rb:26:in `call'
    /Users/Admin/.rvm/gems/ruby-1.9.1-p431@global/gems/rack-1.0.1/lib/rack/lock.rb:11:in `block in call'
    <internal:prelude>:8:in `synchronize'
    /Users/Admin/.rvm/gems/ruby-1.9.1-p431@global/gems/rack-1.0.1/lib/rack/lock.rb:11:in `call'
    /Users/Admin/.rvm/gems/ruby-1.9.1-p431@global/gems/actionpack-2.3.5/lib/action_controller/dispatcher.rb:114:in `block in call'
    /Users/Admin/.rvm/gems/ruby-1.9.1-p431@global/gems/actionpack-2.3.5/lib/action_controller/reloader.rb:34:in `run'
    /Users/Admin/.rvm/gems/ruby-1.9.1-p431@global/gems/actionpack-2.3.5/lib/action_controller/dispatcher.rb:108:in `call'
    /Users/Admin/.rvm/gems/ruby-1.9.1-p431@global/gems/rails-2.3.5/lib/rails/rack/static.rb:31:in `call'
    /Users/Admin/.rvm/gems/ruby-1.9.1-p431@global/gems/rack-1.0.1/lib/rack/urlmap.rb:46:in `block in call'
    /Users/Admin/.rvm/gems/ruby-1.9.1-p431@global/gems/rack-1.0.1/lib/rack/urlmap.rb:40:in `each'
    /Users/Admin/.rvm/gems/ruby-1.9.1-p431@global/gems/rack-1.0.1/lib/rack/urlmap.rb:40:in `call'
    /Users/Admin/.rvm/gems/ruby-1.9.1-p431@global/gems/rails-2.3.5/lib/rails/rack/log_tailer.rb:17:in `call'
    /Users/Admin/.rvm/gems/ruby-1.9.1-p431@global/gems/rack-1.0.1/lib/rack/content_length.rb:13:in `call'
    /Users/Admin/.rvm/gems/ruby-1.9.1-p431@global/gems/rack-1.0.1/lib/rack/handler/webrick.rb:50:in `service'
    /Users/Admin/.rvm/rubies/ruby-1.9.1-p431/lib/ruby/1.9.1/webrick/httpserver.rb:111:in `service'
    /Users/Admin/.rvm/rubies/ruby-1.9.1-p431/lib/ruby/1.9.1/webrick/httpserver.rb:70:in `run'
    /Users/Admin/.rvm/rubies/ruby-1.9.1-p431/lib/ruby/1.9.1/webrick/server.rb:183:in `block in start_thread'
/!\ FAILSAFE /!\  2014-04-15 11:23:27 +0700
  Status: 500 Internal Server Error
  no such file to load -- sqlite3
    /Users/Admin/.rvm/rubies/ruby-1.9.1-p431/lib/ruby/site_ruby/1.9.1/rubygems/custom_require.rb:36:in `require'
    /Users/Admin/.rvm/rubies/ruby-1.9.1-p431/lib/ruby/site_ruby/1.9.1/rubygems/custom_require.rb:36:in `require'
    /Users/Admin/.rvm/gems/ruby-1.9.1-p431@global/gems/activesupport-2.3.5/lib/active_support/dependencies.rb:156:in `block in require'
    /Users/Admin/.rvm/gems/ruby-1.9.1-p431@global/gems/activesupport-2.3.5/lib/active_support/dependencies.rb:521:in `new_constants_in'
    /Users/Admin/.rvm/gems/ruby-1.9.1-p431@global/gems/activesupport-2.3.5/lib/active_support/dependencies.rb:156:in `require'
    /Users/Admin/.rvm/gems/ruby-1.9.1-p431@global/gems/activesupport-2.3.5/lib/active_support/core_ext/kernel/requires.rb:7:in `block in require_library_or_gem'
    /Users/Admin/.rvm/gems/ruby-1.9.1-p431@global/gems/activesupport-2.3.5/lib/active_support/core_ext/kernel/reporting.rb:11:in `silence_warnings'
    /Users/Admin/.rvm/gems/ruby-1.9.1-p431@global/gems/activesupport-2.3.5/lib/active_support/core_ext/kernel/requires.rb:5:in `require_library_or_gem'
    /Users/Admin/.rvm/gems/ruby-1.9.1-p431@global/gems/activerecord-2.3.5/lib/active_record/connection_adapters/sqlite3_adapter.rb:10:in `sqlite3_connection'
    /Users/Admin/.rvm/gems/ruby-1.9.1-p431@global/gems/activerecord-2.3.5/lib/active_record/connection_adapters/abstract/connection_pool.rb:223:in `new_connection'
    /Users/Admin/.rvm/gems/ruby-1.9.1-p431@global/gems/activerecord-2.3.5/lib/active_record/connection_adapters/abstract/connection_pool.rb:245:in `checkout_new_connection'
    /Users/Admin/.rvm/gems/ruby-1.9.1-p431@global/gems/activerecord-2.3.5/lib/active_record/connection_adapters/abstract/connection_pool.rb:188:in `block (2 levels) in checkout'
    /Users/Admin/.rvm/gems/ruby-1.9.1-p431@global/gems/activerecord-2.3.5/lib/active_record/connection_adapters/abstract/connection_pool.rb:184:in `loop'
    /Users/Admin/.rvm/gems/ruby-1.9.1-p431@global/gems/activerecord-2.3.5/lib/active_record/connection_adapters/abstract/connection_pool.rb:184:in `block in checkout'
    /Users/Admin/.rvm/rubies/ruby-1.9.1-p431/lib/ruby/1.9.1/monitor.rb:190:in `mon_synchronize'
    /Users/Admin/.rvm/gems/ruby-1.9.1-p431@global/gems/activerecord-2.3.5/lib/active_record/connection_adapters/abstract/connection_pool.rb:183:in `checkout'
    /Users/Admin/.rvm/gems/ruby-1.9.1-p431@global/gems/activerecord-2.3.5/lib/active_record/connection_adapters/abstract/connection_pool.rb:98:in `connection'
    /Users/Admin/.rvm/gems/ruby-1.9.1-p431@global/gems/activerecord-2.3.5/lib/active_record/connection_adapters/abstract/connection_pool.rb:326:in `retrieve_connection'
    /Users/Admin/.rvm/gems/ruby-1.9.1-p431@global/gems/activerecord-2.3.5/lib/active_record/connection_adapters/abstract/connection_specification.rb:123:in `retrieve_connection'
    /Users/Admin/.rvm/gems/ruby-1.9.1-p431@global/gems/activerecord-2.3.5/lib/active_record/connection_adapters/abstract/connection_specification.rb:115:in `connection'
    /Users/Admin/.rvm/gems/ruby-1.9.1-p431@global/gems/activerecord-2.3.5/lib/active_record/query_cache.rb:9:in `cache'
    /Users/Admin/.rvm/gems/ruby-1.9.1-p431@global/gems/activerecord-2.3.5/lib/active_record/query_cache.rb:28:in `call'
    /Users/Admin/.rvm/gems/ruby-1.9.1-p431@global/gems/activerecord-2.3.5/lib/active_record/connection_adapters/abstract/connection_pool.rb:361:in `call'
    /Users/Admin/.rvm/gems/ruby-1.9.1-p431@global/gems/actionpack-2.3.5/lib/action_controller/string_coercion.rb:25:in `call'
    /Users/Admin/.rvm/gems/ruby-1.9.1-p431@global/gems/rack-1.0.1/lib/rack/head.rb:9:in `call'
    /Users/Admin/.rvm/gems/ruby-1.9.1-p431@global/gems/rack-1.0.1/lib/rack/methodoverride.rb:24:in `call'
    /Users/Admin/.rvm/gems/ruby-1.9.1-p431@global/gems/actionpack-2.3.5/lib/action_controller/params_parser.rb:15:in `call'
    /Users/Admin/.rvm/gems/ruby-1.9.1-p431@global/gems/actionpack-2.3.5/lib/action_controller/session/cookie_store.rb:93:in `call'
    /Users/Admin/.rvm/gems/ruby-1.9.1-p431@global/gems/actionpack-2.3.5/lib/action_controller/failsafe.rb:26:in `call'
    /Users/Admin/.rvm/gems/ruby-1.9.1-p431@global/gems/rack-1.0.1/lib/rack/lock.rb:11:in `block in call'
    <internal:prelude>:8:in `synchronize'
    /Users/Admin/.rvm/gems/ruby-1.9.1-p431@global/gems/rack-1.0.1/lib/rack/lock.rb:11:in `call'
    /Users/Admin/.rvm/gems/ruby-1.9.1-p431@global/gems/actionpack-2.3.5/lib/action_controller/dispatcher.rb:114:in `block in call'
    /Users/Admin/.rvm/gems/ruby-1.9.1-p431@global/gems/actionpack-2.3.5/lib/action_controller/reloader.rb:34:in `run'
    /Users/Admin/.rvm/gems/ruby-1.9.1-p431@global/gems/actionpack-2.3.5/lib/action_controller/dispatcher.rb:108:in `call'
    /Users/Admin/.rvm/gems/ruby-1.9.1-p431@global/gems/rails-2.3.5/lib/rails/rack/static.rb:31:in `call'
    /Users/Admin/.rvm/gems/ruby-1.9.1-p431@global/gems/rack-1.0.1/lib/rack/urlmap.rb:46:in `block in call'
    /Users/Admin/.rvm/gems/ruby-1.9.1-p431@global/gems/rack-1.0.1/lib/rack/urlmap.rb:40:in `each'
    /Users/Admin/.rvm/gems/ruby-1.9.1-p431@global/gems/rack-1.0.1/lib/rack/urlmap.rb:40:in `call'
    /Users/Admin/.rvm/gems/ruby-1.9.1-p431@global/gems/rails-2.3.5/lib/rails/rack/log_tailer.rb:17:in `call'
    /Users/Admin/.rvm/gems/ruby-1.9.1-p431@global/gems/rack-1.0.1/lib/rack/content_length.rb:13:in `call'
    /Users/Admin/.rvm/gems/ruby-1.9.1-p431@global/gems/rack-1.0.1/lib/rack/handler/webrick.rb:50:in `service'
    /Users/Admin/.rvm/rubies/ruby-1.9.1-p431/lib/ruby/1.9.1/webrick/httpserver.rb:111:in `service'
    /Users/Admin/.rvm/rubies/ruby-1.9.1-p431/lib/ruby/1.9.1/webrick/httpserver.rb:70:in `run'
    /Users/Admin/.rvm/rubies/ruby-1.9.1-p431/lib/ruby/1.9.1/webrick/server.rb:183:in `block in start_thread'
/!\ FAILSAFE /!\  2014-04-15 12:23:11 +0700
  Status: 500 Internal Server Error
  no such file to load -- sqlite3
    /Users/Admin/.rvm/rubies/ruby-1.9.1-p431/lib/ruby/site_ruby/1.9.1/rubygems/custom_require.rb:36:in `require'
    /Users/Admin/.rvm/rubies/ruby-1.9.1-p431/lib/ruby/site_ruby/1.9.1/rubygems/custom_require.rb:36:in `require'
    /Users/Admin/.rvm/gems/ruby-1.9.1-p431@global/gems/activesupport-2.3.5/lib/active_support/dependencies.rb:156:in `block in require'
    /Users/Admin/.rvm/gems/ruby-1.9.1-p431@global/gems/activesupport-2.3.5/lib/active_support/dependencies.rb:521:in `new_constants_in'
    /Users/Admin/.rvm/gems/ruby-1.9.1-p431@global/gems/activesupport-2.3.5/lib/active_support/dependencies.rb:156:in `require'
    /Users/Admin/.rvm/gems/ruby-1.9.1-p431@global/gems/activesupport-2.3.5/lib/active_support/core_ext/kernel/requires.rb:7:in `block in require_library_or_gem'
    /Users/Admin/.rvm/gems/ruby-1.9.1-p431@global/gems/activesupport-2.3.5/lib/active_support/core_ext/kernel/reporting.rb:11:in `silence_warnings'
    /Users/Admin/.rvm/gems/ruby-1.9.1-p431@global/gems/activesupport-2.3.5/lib/active_support/core_ext/kernel/requires.rb:5:in `require_library_or_gem'
    /Users/Admin/.rvm/gems/ruby-1.9.1-p431@global/gems/activerecord-2.3.5/lib/active_record/connection_adapters/sqlite3_adapter.rb:10:in `sqlite3_connection'
    /Users/Admin/.rvm/gems/ruby-1.9.1-p431@global/gems/activerecord-2.3.5/lib/active_record/connection_adapters/abstract/connection_pool.rb:223:in `new_connection'
    /Users/Admin/.rvm/gems/ruby-1.9.1-p431@global/gems/activerecord-2.3.5/lib/active_record/connection_adapters/abstract/connection_pool.rb:245:in `checkout_new_connection'
    /Users/Admin/.rvm/gems/ruby-1.9.1-p431@global/gems/activerecord-2.3.5/lib/active_record/connection_adapters/abstract/connection_pool.rb:188:in `block (2 levels) in checkout'
    /Users/Admin/.rvm/gems/ruby-1.9.1-p431@global/gems/activerecord-2.3.5/lib/active_record/connection_adapters/abstract/connection_pool.rb:184:in `loop'
    /Users/Admin/.rvm/gems/ruby-1.9.1-p431@global/gems/activerecord-2.3.5/lib/active_record/connection_adapters/abstract/connection_pool.rb:184:in `block in checkout'
    /Users/Admin/.rvm/rubies/ruby-1.9.1-p431/lib/ruby/1.9.1/monitor.rb:190:in `mon_synchronize'
    /Users/Admin/.rvm/gems/ruby-1.9.1-p431@global/gems/activerecord-2.3.5/lib/active_record/connection_adapters/abstract/connection_pool.rb:183:in `checkout'
    /Users/Admin/.rvm/gems/ruby-1.9.1-p431@global/gems/activerecord-2.3.5/lib/active_record/connection_adapters/abstract/connection_pool.rb:98:in `connection'
    /Users/Admin/.rvm/gems/ruby-1.9.1-p431@global/gems/activerecord-2.3.5/lib/active_record/connection_adapters/abstract/connection_pool.rb:326:in `retrieve_connection'
    /Users/Admin/.rvm/gems/ruby-1.9.1-p431@global/gems/activerecord-2.3.5/lib/active_record/connection_adapters/abstract/connection_specification.rb:123:in `retrieve_connection'
    /Users/Admin/.rvm/gems/ruby-1.9.1-p431@global/gems/activerecord-2.3.5/lib/active_record/connection_adapters/abstract/connection_specification.rb:115:in `connection'
    /Users/Admin/.rvm/gems/ruby-1.9.1-p431@global/gems/activerecord-2.3.5/lib/active_record/query_cache.rb:9:in `cache'
    /Users/Admin/.rvm/gems/ruby-1.9.1-p431@global/gems/activerecord-2.3.5/lib/active_record/query_cache.rb:28:in `call'
    /Users/Admin/.rvm/gems/ruby-1.9.1-p431@global/gems/activerecord-2.3.5/lib/active_record/connection_adapters/abstract/connection_pool.rb:361:in `call'
    /Users/Admin/.rvm/gems/ruby-1.9.1-p431@global/gems/actionpack-2.3.5/lib/action_controller/string_coercion.rb:25:in `call'
    /Users/Admin/.rvm/gems/ruby-1.9.1-p431@global/gems/rack-1.0.1/lib/rack/head.rb:9:in `call'
    /Users/Admin/.rvm/gems/ruby-1.9.1-p431@global/gems/rack-1.0.1/lib/rack/methodoverride.rb:24:in `call'
    /Users/Admin/.rvm/gems/ruby-1.9.1-p431@global/gems/actionpack-2.3.5/lib/action_controller/params_parser.rb:15:in `call'
    /Users/Admin/.rvm/gems/ruby-1.9.1-p431@global/gems/actionpack-2.3.5/lib/action_controller/session/cookie_store.rb:93:in `call'
    /Users/Admin/.rvm/gems/ruby-1.9.1-p431@global/gems/actionpack-2.3.5/lib/action_controller/failsafe.rb:26:in `call'
    /Users/Admin/.rvm/gems/ruby-1.9.1-p431@global/gems/rack-1.0.1/lib/rack/lock.rb:11:in `block in call'
    <internal:prelude>:8:in `synchronize'
    /Users/Admin/.rvm/gems/ruby-1.9.1-p431@global/gems/rack-1.0.1/lib/rack/lock.rb:11:in `call'
    /Users/Admin/.rvm/gems/ruby-1.9.1-p431@global/gems/actionpack-2.3.5/lib/action_controller/dispatcher.rb:114:in `block in call'
    /Users/Admin/.rvm/gems/ruby-1.9.1-p431@global/gems/actionpack-2.3.5/lib/action_controller/reloader.rb:34:in `run'
    /Users/Admin/.rvm/gems/ruby-1.9.1-p431@global/gems/actionpack-2.3.5/lib/action_controller/dispatcher.rb:108:in `call'
    /Users/Admin/.rvm/gems/ruby-1.9.1-p431@global/gems/rails-2.3.5/lib/rails/rack/static.rb:31:in `call'
    /Users/Admin/.rvm/gems/ruby-1.9.1-p431@global/gems/rack-1.0.1/lib/rack/urlmap.rb:46:in `block in call'
    /Users/Admin/.rvm/gems/ruby-1.9.1-p431@global/gems/rack-1.0.1/lib/rack/urlmap.rb:40:in `each'
    /Users/Admin/.rvm/gems/ruby-1.9.1-p431@global/gems/rack-1.0.1/lib/rack/urlmap.rb:40:in `call'
    /Users/Admin/.rvm/gems/ruby-1.9.1-p431@global/gems/rails-2.3.5/lib/rails/rack/log_tailer.rb:17:in `call'
    /Users/Admin/.rvm/gems/ruby-1.9.1-p431@global/gems/rack-1.0.1/lib/rack/content_length.rb:13:in `call'
    /Users/Admin/.rvm/gems/ruby-1.9.1-p431@global/gems/rack-1.0.1/lib/rack/handler/webrick.rb:50:in `service'
    /Users/Admin/.rvm/rubies/ruby-1.9.1-p431/lib/ruby/1.9.1/webrick/httpserver.rb:111:in `service'
    /Users/Admin/.rvm/rubies/ruby-1.9.1-p431/lib/ruby/1.9.1/webrick/httpserver.rb:70:in `run'
    /Users/Admin/.rvm/rubies/ruby-1.9.1-p431/lib/ruby/1.9.1/webrick/server.rb:183:in `block in start_thread'
/!\ FAILSAFE /!\  2014-04-15 12:23:38 +0700
  Status: 500 Internal Server Error
  no such file to load -- sqlite3
    /Users/Admin/.rvm/rubies/ruby-1.9.1-p431/lib/ruby/site_ruby/1.9.1/rubygems/custom_require.rb:36:in `require'
    /Users/Admin/.rvm/rubies/ruby-1.9.1-p431/lib/ruby/site_ruby/1.9.1/rubygems/custom_require.rb:36:in `require'
    /Users/Admin/.rvm/gems/ruby-1.9.1-p431@global/gems/activesupport-2.3.5/lib/active_support/dependencies.rb:156:in `block in require'
    /Users/Admin/.rvm/gems/ruby-1.9.1-p431@global/gems/activesupport-2.3.5/lib/active_support/dependencies.rb:521:in `new_constants_in'
    /Users/Admin/.rvm/gems/ruby-1.9.1-p431@global/gems/activesupport-2.3.5/lib/active_support/dependencies.rb:156:in `require'
    /Users/Admin/.rvm/gems/ruby-1.9.1-p431@global/gems/activesupport-2.3.5/lib/active_support/core_ext/kernel/requires.rb:7:in `block in require_library_or_gem'
    /Users/Admin/.rvm/gems/ruby-1.9.1-p431@global/gems/activesupport-2.3.5/lib/active_support/core_ext/kernel/reporting.rb:11:in `silence_warnings'
    /Users/Admin/.rvm/gems/ruby-1.9.1-p431@global/gems/activesupport-2.3.5/lib/active_support/core_ext/kernel/requires.rb:5:in `require_library_or_gem'
    /Users/Admin/.rvm/gems/ruby-1.9.1-p431@global/gems/activerecord-2.3.5/lib/active_record/connection_adapters/sqlite3_adapter.rb:10:in `sqlite3_connection'
    /Users/Admin/.rvm/gems/ruby-1.9.1-p431@global/gems/activerecord-2.3.5/lib/active_record/connection_adapters/abstract/connection_pool.rb:223:in `new_connection'
    /Users/Admin/.rvm/gems/ruby-1.9.1-p431@global/gems/activerecord-2.3.5/lib/active_record/connection_adapters/abstract/connection_pool.rb:245:in `checkout_new_connection'
    /Users/Admin/.rvm/gems/ruby-1.9.1-p431@global/gems/activerecord-2.3.5/lib/active_record/connection_adapters/abstract/connection_pool.rb:188:in `block (2 levels) in checkout'
    /Users/Admin/.rvm/gems/ruby-1.9.1-p431@global/gems/activerecord-2.3.5/lib/active_record/connection_adapters/abstract/connection_pool.rb:184:in `loop'
    /Users/Admin/.rvm/gems/ruby-1.9.1-p431@global/gems/activerecord-2.3.5/lib/active_record/connection_adapters/abstract/connection_pool.rb:184:in `block in checkout'
    /Users/Admin/.rvm/rubies/ruby-1.9.1-p431/lib/ruby/1.9.1/monitor.rb:190:in `mon_synchronize'
    /Users/Admin/.rvm/gems/ruby-1.9.1-p431@global/gems/activerecord-2.3.5/lib/active_record/connection_adapters/abstract/connection_pool.rb:183:in `checkout'
    /Users/Admin/.rvm/gems/ruby-1.9.1-p431@global/gems/activerecord-2.3.5/lib/active_record/connection_adapters/abstract/connection_pool.rb:98:in `connection'
    /Users/Admin/.rvm/gems/ruby-1.9.1-p431@global/gems/activerecord-2.3.5/lib/active_record/connection_adapters/abstract/connection_pool.rb:326:in `retrieve_connection'
    /Users/Admin/.rvm/gems/ruby-1.9.1-p431@global/gems/activerecord-2.3.5/lib/active_record/connection_adapters/abstract/connection_specification.rb:123:in `retrieve_connection'
    /Users/Admin/.rvm/gems/ruby-1.9.1-p431@global/gems/activerecord-2.3.5/lib/active_record/connection_adapters/abstract/connection_specification.rb:115:in `connection'
    /Users/Admin/.rvm/gems/ruby-1.9.1-p431@global/gems/activerecord-2.3.5/lib/active_record/query_cache.rb:9:in `cache'
    /Users/Admin/.rvm/gems/ruby-1.9.1-p431@global/gems/activerecord-2.3.5/lib/active_record/query_cache.rb:28:in `call'
    /Users/Admin/.rvm/gems/ruby-1.9.1-p431@global/gems/activerecord-2.3.5/lib/active_record/connection_adapters/abstract/connection_pool.rb:361:in `call'
    /Users/Admin/.rvm/gems/ruby-1.9.1-p431@global/gems/actionpack-2.3.5/lib/action_controller/string_coercion.rb:25:in `call'
    /Users/Admin/.rvm/gems/ruby-1.9.1-p431@global/gems/rack-1.0.1/lib/rack/head.rb:9:in `call'
    /Users/Admin/.rvm/gems/ruby-1.9.1-p431@global/gems/rack-1.0.1/lib/rack/methodoverride.rb:24:in `call'
    /Users/Admin/.rvm/gems/ruby-1.9.1-p431@global/gems/actionpack-2.3.5/lib/action_controller/params_parser.rb:15:in `call'
    /Users/Admin/.rvm/gems/ruby-1.9.1-p431@global/gems/actionpack-2.3.5/lib/action_controller/session/cookie_store.rb:93:in `call'
    /Users/Admin/.rvm/gems/ruby-1.9.1-p431@global/gems/actionpack-2.3.5/lib/action_controller/failsafe.rb:26:in `call'
    /Users/Admin/.rvm/gems/ruby-1.9.1-p431@global/gems/rack-1.0.1/lib/rack/lock.rb:11:in `block in call'
    <internal:prelude>:8:in `synchronize'
    /Users/Admin/.rvm/gems/ruby-1.9.1-p431@global/gems/rack-1.0.1/lib/rack/lock.rb:11:in `call'
    /Users/Admin/.rvm/gems/ruby-1.9.1-p431@global/gems/actionpack-2.3.5/lib/action_controller/dispatcher.rb:114:in `block in call'
    /Users/Admin/.rvm/gems/ruby-1.9.1-p431@global/gems/actionpack-2.3.5/lib/action_controller/reloader.rb:34:in `run'
    /Users/Admin/.rvm/gems/ruby-1.9.1-p431@global/gems/actionpack-2.3.5/lib/action_controller/dispatcher.rb:108:in `call'
    /Users/Admin/.rvm/gems/ruby-1.9.1-p431@global/gems/rails-2.3.5/lib/rails/rack/static.rb:31:in `call'
    /Users/Admin/.rvm/gems/ruby-1.9.1-p431@global/gems/rack-1.0.1/lib/rack/urlmap.rb:46:in `block in call'
    /Users/Admin/.rvm/gems/ruby-1.9.1-p431@global/gems/rack-1.0.1/lib/rack/urlmap.rb:40:in `each'
    /Users/Admin/.rvm/gems/ruby-1.9.1-p431@global/gems/rack-1.0.1/lib/rack/urlmap.rb:40:in `call'
    /Users/Admin/.rvm/gems/ruby-1.9.1-p431@global/gems/rails-2.3.5/lib/rails/rack/log_tailer.rb:17:in `call'
    /Users/Admin/.rvm/gems/ruby-1.9.1-p431@global/gems/rack-1.0.1/lib/rack/content_length.rb:13:in `call'
    /Users/Admin/.rvm/gems/ruby-1.9.1-p431@global/gems/rack-1.0.1/lib/rack/handler/webrick.rb:50:in `service'
    /Users/Admin/.rvm/rubies/ruby-1.9.1-p431/lib/ruby/1.9.1/webrick/httpserver.rb:111:in `service'
    /Users/Admin/.rvm/rubies/ruby-1.9.1-p431/lib/ruby/1.9.1/webrick/httpserver.rb:70:in `run'
    /Users/Admin/.rvm/rubies/ruby-1.9.1-p431/lib/ruby/1.9.1/webrick/server.rb:183:in `block in start_thread'
/!\ FAILSAFE /!\  2014-04-15 12:25:09 +0700
  Status: 500 Internal Server Error
  no such file to load -- sqlite3
    /Users/Admin/.rvm/rubies/ruby-1.9.1-p431/lib/ruby/site_ruby/1.9.1/rubygems/custom_require.rb:36:in `require'
    /Users/Admin/.rvm/rubies/ruby-1.9.1-p431/lib/ruby/site_ruby/1.9.1/rubygems/custom_require.rb:36:in `require'
    /Users/Admin/.rvm/gems/ruby-1.9.1-p431@global/gems/activesupport-2.3.5/lib/active_support/dependencies.rb:156:in `block in require'
    /Users/Admin/.rvm/gems/ruby-1.9.1-p431@global/gems/activesupport-2.3.5/lib/active_support/dependencies.rb:521:in `new_constants_in'
    /Users/Admin/.rvm/gems/ruby-1.9.1-p431@global/gems/activesupport-2.3.5/lib/active_support/dependencies.rb:156:in `require'
    /Users/Admin/.rvm/gems/ruby-1.9.1-p431@global/gems/activesupport-2.3.5/lib/active_support/core_ext/kernel/requires.rb:7:in `block in require_library_or_gem'
    /Users/Admin/.rvm/gems/ruby-1.9.1-p431@global/gems/activesupport-2.3.5/lib/active_support/core_ext/kernel/reporting.rb:11:in `silence_warnings'
    /Users/Admin/.rvm/gems/ruby-1.9.1-p431@global/gems/activesupport-2.3.5/lib/active_support/core_ext/kernel/requires.rb:5:in `require_library_or_gem'
    /Users/Admin/.rvm/gems/ruby-1.9.1-p431@global/gems/activerecord-2.3.5/lib/active_record/connection_adapters/sqlite3_adapter.rb:10:in `sqlite3_connection'
    /Users/Admin/.rvm/gems/ruby-1.9.1-p431@global/gems/activerecord-2.3.5/lib/active_record/connection_adapters/abstract/connection_pool.rb:223:in `new_connection'
    /Users/Admin/.rvm/gems/ruby-1.9.1-p431@global/gems/activerecord-2.3.5/lib/active_record/connection_adapters/abstract/connection_pool.rb:245:in `checkout_new_connection'
    /Users/Admin/.rvm/gems/ruby-1.9.1-p431@global/gems/activerecord-2.3.5/lib/active_record/connection_adapters/abstract/connection_pool.rb:188:in `block (2 levels) in checkout'
    /Users/Admin/.rvm/gems/ruby-1.9.1-p431@global/gems/activerecord-2.3.5/lib/active_record/connection_adapters/abstract/connection_pool.rb:184:in `loop'
    /Users/Admin/.rvm/gems/ruby-1.9.1-p431@global/gems/activerecord-2.3.5/lib/active_record/connection_adapters/abstract/connection_pool.rb:184:in `block in checkout'
    /Users/Admin/.rvm/rubies/ruby-1.9.1-p431/lib/ruby/1.9.1/monitor.rb:190:in `mon_synchronize'
    /Users/Admin/.rvm/gems/ruby-1.9.1-p431@global/gems/activerecord-2.3.5/lib/active_record/connection_adapters/abstract/connection_pool.rb:183:in `checkout'
    /Users/Admin/.rvm/gems/ruby-1.9.1-p431@global/gems/activerecord-2.3.5/lib/active_record/connection_adapters/abstract/connection_pool.rb:98:in `connection'
    /Users/Admin/.rvm/gems/ruby-1.9.1-p431@global/gems/activerecord-2.3.5/lib/active_record/connection_adapters/abstract/connection_pool.rb:326:in `retrieve_connection'
    /Users/Admin/.rvm/gems/ruby-1.9.1-p431@global/gems/activerecord-2.3.5/lib/active_record/connection_adapters/abstract/connection_specification.rb:123:in `retrieve_connection'
    /Users/Admin/.rvm/gems/ruby-1.9.1-p431@global/gems/activerecord-2.3.5/lib/active_record/connection_adapters/abstract/connection_specification.rb:115:in `connection'
    /Users/Admin/.rvm/gems/ruby-1.9.1-p431@global/gems/activerecord-2.3.5/lib/active_record/query_cache.rb:9:in `cache'
    /Users/Admin/.rvm/gems/ruby-1.9.1-p431@global/gems/activerecord-2.3.5/lib/active_record/query_cache.rb:28:in `call'
    /Users/Admin/.rvm/gems/ruby-1.9.1-p431@global/gems/activerecord-2.3.5/lib/active_record/connection_adapters/abstract/connection_pool.rb:361:in `call'
    /Users/Admin/.rvm/gems/ruby-1.9.1-p431@global/gems/actionpack-2.3.5/lib/action_controller/string_coercion.rb:25:in `call'
    /Users/Admin/.rvm/gems/ruby-1.9.1-p431@global/gems/rack-1.0.1/lib/rack/head.rb:9:in `call'
    /Users/Admin/.rvm/gems/ruby-1.9.1-p431@global/gems/rack-1.0.1/lib/rack/methodoverride.rb:24:in `call'
    /Users/Admin/.rvm/gems/ruby-1.9.1-p431@global/gems/actionpack-2.3.5/lib/action_controller/params_parser.rb:15:in `call'
    /Users/Admin/.rvm/gems/ruby-1.9.1-p431@global/gems/actionpack-2.3.5/lib/action_controller/session/cookie_store.rb:93:in `call'
    /Users/Admin/.rvm/gems/ruby-1.9.1-p431@global/gems/actionpack-2.3.5/lib/action_controller/failsafe.rb:26:in `call'
    /Users/Admin/.rvm/gems/ruby-1.9.1-p431@global/gems/rack-1.0.1/lib/rack/lock.rb:11:in `block in call'
    <internal:prelude>:8:in `synchronize'
    /Users/Admin/.rvm/gems/ruby-1.9.1-p431@global/gems/rack-1.0.1/lib/rack/lock.rb:11:in `call'
    /Users/Admin/.rvm/gems/ruby-1.9.1-p431@global/gems/actionpack-2.3.5/lib/action_controller/dispatcher.rb:114:in `block in call'
    /Users/Admin/.rvm/gems/ruby-1.9.1-p431@global/gems/actionpack-2.3.5/lib/action_controller/reloader.rb:34:in `run'
    /Users/Admin/.rvm/gems/ruby-1.9.1-p431@global/gems/actionpack-2.3.5/lib/action_controller/dispatcher.rb:108:in `call'
    /Users/Admin/.rvm/gems/ruby-1.9.1-p431@global/gems/rails-2.3.5/lib/rails/rack/static.rb:31:in `call'
    /Users/Admin/.rvm/gems/ruby-1.9.1-p431@global/gems/rack-1.0.1/lib/rack/urlmap.rb:46:in `block in call'
    /Users/Admin/.rvm/gems/ruby-1.9.1-p431@global/gems/rack-1.0.1/lib/rack/urlmap.rb:40:in `each'
    /Users/Admin/.rvm/gems/ruby-1.9.1-p431@global/gems/rack-1.0.1/lib/rack/urlmap.rb:40:in `call'
    /Users/Admin/.rvm/gems/ruby-1.9.1-p431@global/gems/rails-2.3.5/lib/rails/rack/log_tailer.rb:17:in `call'
    /Users/Admin/.rvm/gems/ruby-1.9.1-p431@global/gems/rack-1.0.1/lib/rack/content_length.rb:13:in `call'
    /Users/Admin/.rvm/gems/ruby-1.9.1-p431@global/gems/rack-1.0.1/lib/rack/handler/webrick.rb:50:in `service'
    /Users/Admin/.rvm/rubies/ruby-1.9.1-p431/lib/ruby/1.9.1/webrick/httpserver.rb:111:in `service'
    /Users/Admin/.rvm/rubies/ruby-1.9.1-p431/lib/ruby/1.9.1/webrick/httpserver.rb:70:in `run'
    /Users/Admin/.rvm/rubies/ruby-1.9.1-p431/lib/ruby/1.9.1/webrick/server.rb:183:in `block in start_thread'
/!\ FAILSAFE /!\  2014-04-15 12:42:04 +0700
  Status: 500 Internal Server Error
  no such file to load -- sqlite3
    /Users/Admin/.rvm/rubies/ruby-1.9.1-p431/lib/ruby/site_ruby/1.9.1/rubygems/custom_require.rb:36:in `require'
    /Users/Admin/.rvm/rubies/ruby-1.9.1-p431/lib/ruby/site_ruby/1.9.1/rubygems/custom_require.rb:36:in `require'
    /Users/Admin/.rvm/gems/ruby-1.9.1-p431@global/gems/activesupport-2.3.5/lib/active_support/dependencies.rb:156:in `block in require'
    /Users/Admin/.rvm/gems/ruby-1.9.1-p431@global/gems/activesupport-2.3.5/lib/active_support/dependencies.rb:521:in `new_constants_in'
    /Users/Admin/.rvm/gems/ruby-1.9.1-p431@global/gems/activesupport-2.3.5/lib/active_support/dependencies.rb:156:in `require'
    /Users/Admin/.rvm/gems/ruby-1.9.1-p431@global/gems/activesupport-2.3.5/lib/active_support/core_ext/kernel/requires.rb:7:in `block in require_library_or_gem'
    /Users/Admin/.rvm/gems/ruby-1.9.1-p431@global/gems/activesupport-2.3.5/lib/active_support/core_ext/kernel/reporting.rb:11:in `silence_warnings'
    /Users/Admin/.rvm/gems/ruby-1.9.1-p431@global/gems/activesupport-2.3.5/lib/active_support/core_ext/kernel/requires.rb:5:in `require_library_or_gem'
    /Users/Admin/.rvm/gems/ruby-1.9.1-p431@global/gems/activerecord-2.3.5/lib/active_record/connection_adapters/sqlite3_adapter.rb:10:in `sqlite3_connection'
    /Users/Admin/.rvm/gems/ruby-1.9.1-p431@global/gems/activerecord-2.3.5/lib/active_record/connection_adapters/abstract/connection_pool.rb:223:in `new_connection'
    /Users/Admin/.rvm/gems/ruby-1.9.1-p431@global/gems/activerecord-2.3.5/lib/active_record/connection_adapters/abstract/connection_pool.rb:245:in `checkout_new_connection'
    /Users/Admin/.rvm/gems/ruby-1.9.1-p431@global/gems/activerecord-2.3.5/lib/active_record/connection_adapters/abstract/connection_pool.rb:188:in `block (2 levels) in checkout'
    /Users/Admin/.rvm/gems/ruby-1.9.1-p431@global/gems/activerecord-2.3.5/lib/active_record/connection_adapters/abstract/connection_pool.rb:184:in `loop'
    /Users/Admin/.rvm/gems/ruby-1.9.1-p431@global/gems/activerecord-2.3.5/lib/active_record/connection_adapters/abstract/connection_pool.rb:184:in `block in checkout'
    /Users/Admin/.rvm/rubies/ruby-1.9.1-p431/lib/ruby/1.9.1/monitor.rb:190:in `mon_synchronize'
    /Users/Admin/.rvm/gems/ruby-1.9.1-p431@global/gems/activerecord-2.3.5/lib/active_record/connection_adapters/abstract/connection_pool.rb:183:in `checkout'
    /Users/Admin/.rvm/gems/ruby-1.9.1-p431@global/gems/activerecord-2.3.5/lib/active_record/connection_adapters/abstract/connection_pool.rb:98:in `connection'
    /Users/Admin/.rvm/gems/ruby-1.9.1-p431@global/gems/activerecord-2.3.5/lib/active_record/connection_adapters/abstract/connection_pool.rb:326:in `retrieve_connection'
    /Users/Admin/.rvm/gems/ruby-1.9.1-p431@global/gems/activerecord-2.3.5/lib/active_record/connection_adapters/abstract/connection_specification.rb:123:in `retrieve_connection'
    /Users/Admin/.rvm/gems/ruby-1.9.1-p431@global/gems/activerecord-2.3.5/lib/active_record/connection_adapters/abstract/connection_specification.rb:115:in `connection'
    /Users/Admin/.rvm/gems/ruby-1.9.1-p431@global/gems/activerecord-2.3.5/lib/active_record/query_cache.rb:9:in `cache'
    /Users/Admin/.rvm/gems/ruby-1.9.1-p431@global/gems/activerecord-2.3.5/lib/active_record/query_cache.rb:28:in `call'
    /Users/Admin/.rvm/gems/ruby-1.9.1-p431@global/gems/activerecord-2.3.5/lib/active_record/connection_adapters/abstract/connection_pool.rb:361:in `call'
    /Users/Admin/.rvm/gems/ruby-1.9.1-p431@global/gems/actionpack-2.3.5/lib/action_controller/string_coercion.rb:25:in `call'
    /Users/Admin/.rvm/gems/ruby-1.9.1-p431@global/gems/rack-1.0.1/lib/rack/head.rb:9:in `call'
    /Users/Admin/.rvm/gems/ruby-1.9.1-p431@global/gems/rack-1.0.1/lib/rack/methodoverride.rb:24:in `call'
    /Users/Admin/.rvm/gems/ruby-1.9.1-p431@global/gems/actionpack-2.3.5/lib/action_controller/params_parser.rb:15:in `call'
    /Users/Admin/.rvm/gems/ruby-1.9.1-p431@global/gems/actionpack-2.3.5/lib/action_controller/session/cookie_store.rb:93:in `call'
    /Users/Admin/.rvm/gems/ruby-1.9.1-p431@global/gems/actionpack-2.3.5/lib/action_controller/failsafe.rb:26:in `call'
    /Users/Admin/.rvm/gems/ruby-1.9.1-p431@global/gems/rack-1.0.1/lib/rack/lock.rb:11:in `block in call'
    <internal:prelude>:8:in `synchronize'
    /Users/Admin/.rvm/gems/ruby-1.9.1-p431@global/gems/rack-1.0.1/lib/rack/lock.rb:11:in `call'
    /Users/Admin/.rvm/gems/ruby-1.9.1-p431@global/gems/actionpack-2.3.5/lib/action_controller/dispatcher.rb:114:in `block in call'
    /Users/Admin/.rvm/gems/ruby-1.9.1-p431@global/gems/actionpack-2.3.5/lib/action_controller/reloader.rb:34:in `run'
    /Users/Admin/.rvm/gems/ruby-1.9.1-p431@global/gems/actionpack-2.3.5/lib/action_controller/dispatcher.rb:108:in `call'
    /Users/Admin/.rvm/gems/ruby-1.9.1-p431@global/gems/rails-2.3.5/lib/rails/rack/static.rb:31:in `call'
    /Users/Admin/.rvm/gems/ruby-1.9.1-p431@global/gems/rack-1.0.1/lib/rack/urlmap.rb:46:in `block in call'
    /Users/Admin/.rvm/gems/ruby-1.9.1-p431@global/gems/rack-1.0.1/lib/rack/urlmap.rb:40:in `each'
    /Users/Admin/.rvm/gems/ruby-1.9.1-p431@global/gems/rack-1.0.1/lib/rack/urlmap.rb:40:in `call'
    /Users/Admin/.rvm/gems/ruby-1.9.1-p431@global/gems/rails-2.3.5/lib/rails/rack/log_tailer.rb:17:in `call'
    /Users/Admin/.rvm/gems/ruby-1.9.1-p431@global/gems/rack-1.0.1/lib/rack/content_length.rb:13:in `call'
    /Users/Admin/.rvm/gems/ruby-1.9.1-p431@global/gems/rack-1.0.1/lib/rack/handler/webrick.rb:50:in `service'
    /Users/Admin/.rvm/rubies/ruby-1.9.1-p431/lib/ruby/1.9.1/webrick/httpserver.rb:111:in `service'
    /Users/Admin/.rvm/rubies/ruby-1.9.1-p431/lib/ruby/1.9.1/webrick/httpserver.rb:70:in `run'
    /Users/Admin/.rvm/rubies/ruby-1.9.1-p431/lib/ruby/1.9.1/webrick/server.rb:183:in `block in start_thread'
/!\ FAILSAFE /!\  2014-04-15 12:42:07 +0700
  Status: 500 Internal Server Error
  no such file to load -- sqlite3
    /Users/Admin/.rvm/rubies/ruby-1.9.1-p431/lib/ruby/site_ruby/1.9.1/rubygems/custom_require.rb:36:in `require'
    /Users/Admin/.rvm/rubies/ruby-1.9.1-p431/lib/ruby/site_ruby/1.9.1/rubygems/custom_require.rb:36:in `require'
    /Users/Admin/.rvm/gems/ruby-1.9.1-p431@global/gems/activesupport-2.3.5/lib/active_support/dependencies.rb:156:in `block in require'
    /Users/Admin/.rvm/gems/ruby-1.9.1-p431@global/gems/activesupport-2.3.5/lib/active_support/dependencies.rb:521:in `new_constants_in'
    /Users/Admin/.rvm/gems/ruby-1.9.1-p431@global/gems/activesupport-2.3.5/lib/active_support/dependencies.rb:156:in `require'
    /Users/Admin/.rvm/gems/ruby-1.9.1-p431@global/gems/activesupport-2.3.5/lib/active_support/core_ext/kernel/requires.rb:7:in `block in require_library_or_gem'
    /Users/Admin/.rvm/gems/ruby-1.9.1-p431@global/gems/activesupport-2.3.5/lib/active_support/core_ext/kernel/reporting.rb:11:in `silence_warnings'
    /Users/Admin/.rvm/gems/ruby-1.9.1-p431@global/gems/activesupport-2.3.5/lib/active_support/core_ext/kernel/requires.rb:5:in `require_library_or_gem'
    /Users/Admin/.rvm/gems/ruby-1.9.1-p431@global/gems/activerecord-2.3.5/lib/active_record/connection_adapters/sqlite3_adapter.rb:10:in `sqlite3_connection'
    /Users/Admin/.rvm/gems/ruby-1.9.1-p431@global/gems/activerecord-2.3.5/lib/active_record/connection_adapters/abstract/connection_pool.rb:223:in `new_connection'
    /Users/Admin/.rvm/gems/ruby-1.9.1-p431@global/gems/activerecord-2.3.5/lib/active_record/connection_adapters/abstract/connection_pool.rb:245:in `checkout_new_connection'
    /Users/Admin/.rvm/gems/ruby-1.9.1-p431@global/gems/activerecord-2.3.5/lib/active_record/connection_adapters/abstract/connection_pool.rb:188:in `block (2 levels) in checkout'
    /Users/Admin/.rvm/gems/ruby-1.9.1-p431@global/gems/activerecord-2.3.5/lib/active_record/connection_adapters/abstract/connection_pool.rb:184:in `loop'
    /Users/Admin/.rvm/gems/ruby-1.9.1-p431@global/gems/activerecord-2.3.5/lib/active_record/connection_adapters/abstract/connection_pool.rb:184:in `block in checkout'
    /Users/Admin/.rvm/rubies/ruby-1.9.1-p431/lib/ruby/1.9.1/monitor.rb:190:in `mon_synchronize'
    /Users/Admin/.rvm/gems/ruby-1.9.1-p431@global/gems/activerecord-2.3.5/lib/active_record/connection_adapters/abstract/connection_pool.rb:183:in `checkout'
    /Users/Admin/.rvm/gems/ruby-1.9.1-p431@global/gems/activerecord-2.3.5/lib/active_record/connection_adapters/abstract/connection_pool.rb:98:in `connection'
    /Users/Admin/.rvm/gems/ruby-1.9.1-p431@global/gems/activerecord-2.3.5/lib/active_record/connection_adapters/abstract/connection_pool.rb:326:in `retrieve_connection'
    /Users/Admin/.rvm/gems/ruby-1.9.1-p431@global/gems/activerecord-2.3.5/lib/active_record/connection_adapters/abstract/connection_specification.rb:123:in `retrieve_connection'
    /Users/Admin/.rvm/gems/ruby-1.9.1-p431@global/gems/activerecord-2.3.5/lib/active_record/connection_adapters/abstract/connection_specification.rb:115:in `connection'
    /Users/Admin/.rvm/gems/ruby-1.9.1-p431@global/gems/activerecord-2.3.5/lib/active_record/query_cache.rb:9:in `cache'
    /Users/Admin/.rvm/gems/ruby-1.9.1-p431@global/gems/activerecord-2.3.5/lib/active_record/query_cache.rb:28:in `call'
    /Users/Admin/.rvm/gems/ruby-1.9.1-p431@global/gems/activerecord-2.3.5/lib/active_record/connection_adapters/abstract/connection_pool.rb:361:in `call'
    /Users/Admin/.rvm/gems/ruby-1.9.1-p431@global/gems/actionpack-2.3.5/lib/action_controller/string_coercion.rb:25:in `call'
    /Users/Admin/.rvm/gems/ruby-1.9.1-p431@global/gems/rack-1.0.1/lib/rack/head.rb:9:in `call'
    /Users/Admin/.rvm/gems/ruby-1.9.1-p431@global/gems/rack-1.0.1/lib/rack/methodoverride.rb:24:in `call'
    /Users/Admin/.rvm/gems/ruby-1.9.1-p431@global/gems/actionpack-2.3.5/lib/action_controller/params_parser.rb:15:in `call'
    /Users/Admin/.rvm/gems/ruby-1.9.1-p431@global/gems/actionpack-2.3.5/lib/action_controller/session/cookie_store.rb:93:in `call'
    /Users/Admin/.rvm/gems/ruby-1.9.1-p431@global/gems/actionpack-2.3.5/lib/action_controller/failsafe.rb:26:in `call'
    /Users/Admin/.rvm/gems/ruby-1.9.1-p431@global/gems/rack-1.0.1/lib/rack/lock.rb:11:in `block in call'
    <internal:prelude>:8:in `synchronize'
    /Users/Admin/.rvm/gems/ruby-1.9.1-p431@global/gems/rack-1.0.1/lib/rack/lock.rb:11:in `call'
    /Users/Admin/.rvm/gems/ruby-1.9.1-p431@global/gems/actionpack-2.3.5/lib/action_controller/dispatcher.rb:114:in `block in call'
    /Users/Admin/.rvm/gems/ruby-1.9.1-p431@global/gems/actionpack-2.3.5/lib/action_controller/reloader.rb:34:in `run'
    /Users/Admin/.rvm/gems/ruby-1.9.1-p431@global/gems/actionpack-2.3.5/lib/action_controller/dispatcher.rb:108:in `call'
    /Users/Admin/.rvm/gems/ruby-1.9.1-p431@global/gems/rails-2.3.5/lib/rails/rack/static.rb:31:in `call'
    /Users/Admin/.rvm/gems/ruby-1.9.1-p431@global/gems/rack-1.0.1/lib/rack/urlmap.rb:46:in `block in call'
    /Users/Admin/.rvm/gems/ruby-1.9.1-p431@global/gems/rack-1.0.1/lib/rack/urlmap.rb:40:in `each'
    /Users/Admin/.rvm/gems/ruby-1.9.1-p431@global/gems/rack-1.0.1/lib/rack/urlmap.rb:40:in `call'
    /Users/Admin/.rvm/gems/ruby-1.9.1-p431@global/gems/rails-2.3.5/lib/rails/rack/log_tailer.rb:17:in `call'
    /Users/Admin/.rvm/gems/ruby-1.9.1-p431@global/gems/rack-1.0.1/lib/rack/content_length.rb:13:in `call'
    /Users/Admin/.rvm/gems/ruby-1.9.1-p431@global/gems/rack-1.0.1/lib/rack/handler/webrick.rb:50:in `service'
    /Users/Admin/.rvm/rubies/ruby-1.9.1-p431/lib/ruby/1.9.1/webrick/httpserver.rb:111:in `service'
    /Users/Admin/.rvm/rubies/ruby-1.9.1-p431/lib/ruby/1.9.1/webrick/httpserver.rb:70:in `run'
    /Users/Admin/.rvm/rubies/ruby-1.9.1-p431/lib/ruby/1.9.1/webrick/server.rb:183:in `block in start_thread'
/!\ FAILSAFE /!\  2014-04-15 12:49:44 +0700
  Status: 500 Internal Server Error
  no such file to load -- sqlite3
    /Users/Admin/.rvm/rubies/ruby-1.9.1-p431/lib/ruby/site_ruby/1.9.1/rubygems/custom_require.rb:36:in `require'
    /Users/Admin/.rvm/rubies/ruby-1.9.1-p431/lib/ruby/site_ruby/1.9.1/rubygems/custom_require.rb:36:in `require'
    /Users/Admin/.rvm/gems/ruby-1.9.1-p431@global/gems/activesupport-2.3.5/lib/active_support/dependencies.rb:156:in `block in require'
    /Users/Admin/.rvm/gems/ruby-1.9.1-p431@global/gems/activesupport-2.3.5/lib/active_support/dependencies.rb:521:in `new_constants_in'
    /Users/Admin/.rvm/gems/ruby-1.9.1-p431@global/gems/activesupport-2.3.5/lib/active_support/dependencies.rb:156:in `require'
    /Users/Admin/.rvm/gems/ruby-1.9.1-p431@global/gems/activesupport-2.3.5/lib/active_support/core_ext/kernel/requires.rb:7:in `block in require_library_or_gem'
    /Users/Admin/.rvm/gems/ruby-1.9.1-p431@global/gems/activesupport-2.3.5/lib/active_support/core_ext/kernel/reporting.rb:11:in `silence_warnings'
    /Users/Admin/.rvm/gems/ruby-1.9.1-p431@global/gems/activesupport-2.3.5/lib/active_support/core_ext/kernel/requires.rb:5:in `require_library_or_gem'
    /Users/Admin/.rvm/gems/ruby-1.9.1-p431@global/gems/activerecord-2.3.5/lib/active_record/connection_adapters/sqlite3_adapter.rb:10:in `sqlite3_connection'
    /Users/Admin/.rvm/gems/ruby-1.9.1-p431@global/gems/activerecord-2.3.5/lib/active_record/connection_adapters/abstract/connection_pool.rb:223:in `new_connection'
    /Users/Admin/.rvm/gems/ruby-1.9.1-p431@global/gems/activerecord-2.3.5/lib/active_record/connection_adapters/abstract/connection_pool.rb:245:in `checkout_new_connection'
    /Users/Admin/.rvm/gems/ruby-1.9.1-p431@global/gems/activerecord-2.3.5/lib/active_record/connection_adapters/abstract/connection_pool.rb:188:in `block (2 levels) in checkout'
    /Users/Admin/.rvm/gems/ruby-1.9.1-p431@global/gems/activerecord-2.3.5/lib/active_record/connection_adapters/abstract/connection_pool.rb:184:in `loop'
    /Users/Admin/.rvm/gems/ruby-1.9.1-p431@global/gems/activerecord-2.3.5/lib/active_record/connection_adapters/abstract/connection_pool.rb:184:in `block in checkout'
    /Users/Admin/.rvm/rubies/ruby-1.9.1-p431/lib/ruby/1.9.1/monitor.rb:190:in `mon_synchronize'
    /Users/Admin/.rvm/gems/ruby-1.9.1-p431@global/gems/activerecord-2.3.5/lib/active_record/connection_adapters/abstract/connection_pool.rb:183:in `checkout'
    /Users/Admin/.rvm/gems/ruby-1.9.1-p431@global/gems/activerecord-2.3.5/lib/active_record/connection_adapters/abstract/connection_pool.rb:98:in `connection'
    /Users/Admin/.rvm/gems/ruby-1.9.1-p431@global/gems/activerecord-2.3.5/lib/active_record/connection_adapters/abstract/connection_pool.rb:326:in `retrieve_connection'
    /Users/Admin/.rvm/gems/ruby-1.9.1-p431@global/gems/activerecord-2.3.5/lib/active_record/connection_adapters/abstract/connection_specification.rb:123:in `retrieve_connection'
    /Users/Admin/.rvm/gems/ruby-1.9.1-p431@global/gems/activerecord-2.3.5/lib/active_record/connection_adapters/abstract/connection_specification.rb:115:in `connection'
    /Users/Admin/.rvm/gems/ruby-1.9.1-p431@global/gems/activerecord-2.3.5/lib/active_record/query_cache.rb:9:in `cache'
    /Users/Admin/.rvm/gems/ruby-1.9.1-p431@global/gems/activerecord-2.3.5/lib/active_record/query_cache.rb:28:in `call'
    /Users/Admin/.rvm/gems/ruby-1.9.1-p431@global/gems/activerecord-2.3.5/lib/active_record/connection_adapters/abstract/connection_pool.rb:361:in `call'
    /Users/Admin/.rvm/gems/ruby-1.9.1-p431@global/gems/actionpack-2.3.5/lib/action_controller/string_coercion.rb:25:in `call'
    /Users/Admin/.rvm/gems/ruby-1.9.1-p431@global/gems/rack-1.0.1/lib/rack/head.rb:9:in `call'
    /Users/Admin/.rvm/gems/ruby-1.9.1-p431@global/gems/rack-1.0.1/lib/rack/methodoverride.rb:24:in `call'
    /Users/Admin/.rvm/gems/ruby-1.9.1-p431@global/gems/actionpack-2.3.5/lib/action_controller/params_parser.rb:15:in `call'
    /Users/Admin/.rvm/gems/ruby-1.9.1-p431@global/gems/actionpack-2.3.5/lib/action_controller/session/cookie_store.rb:93:in `call'
    /Users/Admin/.rvm/gems/ruby-1.9.1-p431@global/gems/actionpack-2.3.5/lib/action_controller/failsafe.rb:26:in `call'
    /Users/Admin/.rvm/gems/ruby-1.9.1-p431@global/gems/rack-1.0.1/lib/rack/lock.rb:11:in `block in call'
    <internal:prelude>:8:in `synchronize'
    /Users/Admin/.rvm/gems/ruby-1.9.1-p431@global/gems/rack-1.0.1/lib/rack/lock.rb:11:in `call'
    /Users/Admin/.rvm/gems/ruby-1.9.1-p431@global/gems/actionpack-2.3.5/lib/action_controller/dispatcher.rb:114:in `block in call'
    /Users/Admin/.rvm/gems/ruby-1.9.1-p431@global/gems/actionpack-2.3.5/lib/action_controller/reloader.rb:34:in `run'
    /Users/Admin/.rvm/gems/ruby-1.9.1-p431@global/gems/actionpack-2.3.5/lib/action_controller/dispatcher.rb:108:in `call'
    /Users/Admin/.rvm/gems/ruby-1.9.1-p431@global/gems/rails-2.3.5/lib/rails/rack/static.rb:31:in `call'
    /Users/Admin/.rvm/gems/ruby-1.9.1-p431@global/gems/rack-1.0.1/lib/rack/urlmap.rb:46:in `block in call'
    /Users/Admin/.rvm/gems/ruby-1.9.1-p431@global/gems/rack-1.0.1/lib/rack/urlmap.rb:40:in `each'
    /Users/Admin/.rvm/gems/ruby-1.9.1-p431@global/gems/rack-1.0.1/lib/rack/urlmap.rb:40:in `call'
    /Users/Admin/.rvm/gems/ruby-1.9.1-p431@global/gems/rails-2.3.5/lib/rails/rack/log_tailer.rb:17:in `call'
    /Users/Admin/.rvm/gems/ruby-1.9.1-p431@global/gems/rack-1.0.1/lib/rack/content_length.rb:13:in `call'
    /Users/Admin/.rvm/gems/ruby-1.9.1-p431@global/gems/rack-1.0.1/lib/rack/handler/webrick.rb:50:in `service'
    /Users/Admin/.rvm/rubies/ruby-1.9.1-p431/lib/ruby/1.9.1/webrick/httpserver.rb:111:in `service'
    /Users/Admin/.rvm/rubies/ruby-1.9.1-p431/lib/ruby/1.9.1/webrick/httpserver.rb:70:in `run'
    /Users/Admin/.rvm/rubies/ruby-1.9.1-p431/lib/ruby/1.9.1/webrick/server.rb:183:in `block in start_thread'
/!\ FAILSAFE /!\  2014-04-15 12:49:51 +0700
  Status: 500 Internal Server Error
  no such file to load -- sqlite3
    /Users/Admin/.rvm/rubies/ruby-1.9.1-p431/lib/ruby/site_ruby/1.9.1/rubygems/custom_require.rb:36:in `require'
    /Users/Admin/.rvm/rubies/ruby-1.9.1-p431/lib/ruby/site_ruby/1.9.1/rubygems/custom_require.rb:36:in `require'
    /Users/Admin/.rvm/gems/ruby-1.9.1-p431@global/gems/activesupport-2.3.5/lib/active_support/dependencies.rb:156:in `block in require'
    /Users/Admin/.rvm/gems/ruby-1.9.1-p431@global/gems/activesupport-2.3.5/lib/active_support/dependencies.rb:521:in `new_constants_in'
    /Users/Admin/.rvm/gems/ruby-1.9.1-p431@global/gems/activesupport-2.3.5/lib/active_support/dependencies.rb:156:in `require'
    /Users/Admin/.rvm/gems/ruby-1.9.1-p431@global/gems/activesupport-2.3.5/lib/active_support/core_ext/kernel/requires.rb:7:in `block in require_library_or_gem'
    /Users/Admin/.rvm/gems/ruby-1.9.1-p431@global/gems/activesupport-2.3.5/lib/active_support/core_ext/kernel/reporting.rb:11:in `silence_warnings'
    /Users/Admin/.rvm/gems/ruby-1.9.1-p431@global/gems/activesupport-2.3.5/lib/active_support/core_ext/kernel/requires.rb:5:in `require_library_or_gem'
    /Users/Admin/.rvm/gems/ruby-1.9.1-p431@global/gems/activerecord-2.3.5/lib/active_record/connection_adapters/sqlite3_adapter.rb:10:in `sqlite3_connection'
    /Users/Admin/.rvm/gems/ruby-1.9.1-p431@global/gems/activerecord-2.3.5/lib/active_record/connection_adapters/abstract/connection_pool.rb:223:in `new_connection'
    /Users/Admin/.rvm/gems/ruby-1.9.1-p431@global/gems/activerecord-2.3.5/lib/active_record/connection_adapters/abstract/connection_pool.rb:245:in `checkout_new_connection'
    /Users/Admin/.rvm/gems/ruby-1.9.1-p431@global/gems/activerecord-2.3.5/lib/active_record/connection_adapters/abstract/connection_pool.rb:188:in `block (2 levels) in checkout'
    /Users/Admin/.rvm/gems/ruby-1.9.1-p431@global/gems/activerecord-2.3.5/lib/active_record/connection_adapters/abstract/connection_pool.rb:184:in `loop'
    /Users/Admin/.rvm/gems/ruby-1.9.1-p431@global/gems/activerecord-2.3.5/lib/active_record/connection_adapters/abstract/connection_pool.rb:184:in `block in checkout'
    /Users/Admin/.rvm/rubies/ruby-1.9.1-p431/lib/ruby/1.9.1/monitor.rb:190:in `mon_synchronize'
    /Users/Admin/.rvm/gems/ruby-1.9.1-p431@global/gems/activerecord-2.3.5/lib/active_record/connection_adapters/abstract/connection_pool.rb:183:in `checkout'
    /Users/Admin/.rvm/gems/ruby-1.9.1-p431@global/gems/activerecord-2.3.5/lib/active_record/connection_adapters/abstract/connection_pool.rb:98:in `connection'
    /Users/Admin/.rvm/gems/ruby-1.9.1-p431@global/gems/activerecord-2.3.5/lib/active_record/connection_adapters/abstract/connection_pool.rb:326:in `retrieve_connection'
    /Users/Admin/.rvm/gems/ruby-1.9.1-p431@global/gems/activerecord-2.3.5/lib/active_record/connection_adapters/abstract/connection_specification.rb:123:in `retrieve_connection'
    /Users/Admin/.rvm/gems/ruby-1.9.1-p431@global/gems/activerecord-2.3.5/lib/active_record/connection_adapters/abstract/connection_specification.rb:115:in `connection'
    /Users/Admin/.rvm/gems/ruby-1.9.1-p431@global/gems/activerecord-2.3.5/lib/active_record/query_cache.rb:9:in `cache'
    /Users/Admin/.rvm/gems/ruby-1.9.1-p431@global/gems/activerecord-2.3.5/lib/active_record/query_cache.rb:28:in `call'
    /Users/Admin/.rvm/gems/ruby-1.9.1-p431@global/gems/activerecord-2.3.5/lib/active_record/connection_adapters/abstract/connection_pool.rb:361:in `call'
    /Users/Admin/.rvm/gems/ruby-1.9.1-p431@global/gems/actionpack-2.3.5/lib/action_controller/string_coercion.rb:25:in `call'
    /Users/Admin/.rvm/gems/ruby-1.9.1-p431@global/gems/rack-1.0.1/lib/rack/head.rb:9:in `call'
    /Users/Admin/.rvm/gems/ruby-1.9.1-p431@global/gems/rack-1.0.1/lib/rack/methodoverride.rb:24:in `call'
    /Users/Admin/.rvm/gems/ruby-1.9.1-p431@global/gems/actionpack-2.3.5/lib/action_controller/params_parser.rb:15:in `call'
    /Users/Admin/.rvm/gems/ruby-1.9.1-p431@global/gems/actionpack-2.3.5/lib/action_controller/session/cookie_store.rb:93:in `call'
    /Users/Admin/.rvm/gems/ruby-1.9.1-p431@global/gems/actionpack-2.3.5/lib/action_controller/failsafe.rb:26:in `call'
    /Users/Admin/.rvm/gems/ruby-1.9.1-p431@global/gems/rack-1.0.1/lib/rack/lock.rb:11:in `block in call'
    <internal:prelude>:8:in `synchronize'
    /Users/Admin/.rvm/gems/ruby-1.9.1-p431@global/gems/rack-1.0.1/lib/rack/lock.rb:11:in `call'
    /Users/Admin/.rvm/gems/ruby-1.9.1-p431@global/gems/actionpack-2.3.5/lib/action_controller/dispatcher.rb:114:in `block in call'
    /Users/Admin/.rvm/gems/ruby-1.9.1-p431@global/gems/actionpack-2.3.5/lib/action_controller/reloader.rb:34:in `run'
    /Users/Admin/.rvm/gems/ruby-1.9.1-p431@global/gems/actionpack-2.3.5/lib/action_controller/dispatcher.rb:108:in `call'
    /Users/Admin/.rvm/gems/ruby-1.9.1-p431@global/gems/rails-2.3.5/lib/rails/rack/static.rb:31:in `call'
    /Users/Admin/.rvm/gems/ruby-1.9.1-p431@global/gems/rack-1.0.1/lib/rack/urlmap.rb:46:in `block in call'
    /Users/Admin/.rvm/gems/ruby-1.9.1-p431@global/gems/rack-1.0.1/lib/rack/urlmap.rb:40:in `each'
    /Users/Admin/.rvm/gems/ruby-1.9.1-p431@global/gems/rack-1.0.1/lib/rack/urlmap.rb:40:in `call'
    /Users/Admin/.rvm/gems/ruby-1.9.1-p431@global/gems/rails-2.3.5/lib/rails/rack/log_tailer.rb:17:in `call'
    /Users/Admin/.rvm/gems/ruby-1.9.1-p431@global/gems/rack-1.0.1/lib/rack/content_length.rb:13:in `call'
    /Users/Admin/.rvm/gems/ruby-1.9.1-p431@global/gems/rack-1.0.1/lib/rack/handler/webrick.rb:50:in `service'
    /Users/Admin/.rvm/rubies/ruby-1.9.1-p431/lib/ruby/1.9.1/webrick/httpserver.rb:111:in `service'
    /Users/Admin/.rvm/rubies/ruby-1.9.1-p431/lib/ruby/1.9.1/webrick/httpserver.rb:70:in `run'
    /Users/Admin/.rvm/rubies/ruby-1.9.1-p431/lib/ruby/1.9.1/webrick/server.rb:183:in `block in start_thread'
/!\ FAILSAFE /!\  2014-04-15 12:51:38 +0700
  Status: 500 Internal Server Error
  no such file to load -- sqlite3
    /Users/Admin/.rvm/rubies/ruby-1.9.1-p431/lib/ruby/site_ruby/1.9.1/rubygems/custom_require.rb:36:in `require'
    /Users/Admin/.rvm/rubies/ruby-1.9.1-p431/lib/ruby/site_ruby/1.9.1/rubygems/custom_require.rb:36:in `require'
    /Users/Admin/.rvm/gems/ruby-1.9.1-p431@global/gems/activesupport-2.3.5/lib/active_support/dependencies.rb:156:in `block in require'
    /Users/Admin/.rvm/gems/ruby-1.9.1-p431@global/gems/activesupport-2.3.5/lib/active_support/dependencies.rb:521:in `new_constants_in'
    /Users/Admin/.rvm/gems/ruby-1.9.1-p431@global/gems/activesupport-2.3.5/lib/active_support/dependencies.rb:156:in `require'
    /Users/Admin/.rvm/gems/ruby-1.9.1-p431@global/gems/activesupport-2.3.5/lib/active_support/core_ext/kernel/requires.rb:7:in `block in require_library_or_gem'
    /Users/Admin/.rvm/gems/ruby-1.9.1-p431@global/gems/activesupport-2.3.5/lib/active_support/core_ext/kernel/reporting.rb:11:in `silence_warnings'
    /Users/Admin/.rvm/gems/ruby-1.9.1-p431@global/gems/activesupport-2.3.5/lib/active_support/core_ext/kernel/requires.rb:5:in `require_library_or_gem'
    /Users/Admin/.rvm/gems/ruby-1.9.1-p431@global/gems/activerecord-2.3.5/lib/active_record/connection_adapters/sqlite3_adapter.rb:10:in `sqlite3_connection'
    /Users/Admin/.rvm/gems/ruby-1.9.1-p431@global/gems/activerecord-2.3.5/lib/active_record/connection_adapters/abstract/connection_pool.rb:223:in `new_connection'
    /Users/Admin/.rvm/gems/ruby-1.9.1-p431@global/gems/activerecord-2.3.5/lib/active_record/connection_adapters/abstract/connection_pool.rb:245:in `checkout_new_connection'
    /Users/Admin/.rvm/gems/ruby-1.9.1-p431@global/gems/activerecord-2.3.5/lib/active_record/connection_adapters/abstract/connection_pool.rb:188:in `block (2 levels) in checkout'
    /Users/Admin/.rvm/gems/ruby-1.9.1-p431@global/gems/activerecord-2.3.5/lib/active_record/connection_adapters/abstract/connection_pool.rb:184:in `loop'
    /Users/Admin/.rvm/gems/ruby-1.9.1-p431@global/gems/activerecord-2.3.5/lib/active_record/connection_adapters/abstract/connection_pool.rb:184:in `block in checkout'
    /Users/Admin/.rvm/rubies/ruby-1.9.1-p431/lib/ruby/1.9.1/monitor.rb:190:in `mon_synchronize'
    /Users/Admin/.rvm/gems/ruby-1.9.1-p431@global/gems/activerecord-2.3.5/lib/active_record/connection_adapters/abstract/connection_pool.rb:183:in `checkout'
    /Users/Admin/.rvm/gems/ruby-1.9.1-p431@global/gems/activerecord-2.3.5/lib/active_record/connection_adapters/abstract/connection_pool.rb:98:in `connection'
    /Users/Admin/.rvm/gems/ruby-1.9.1-p431@global/gems/activerecord-2.3.5/lib/active_record/connection_adapters/abstract/connection_pool.rb:326:in `retrieve_connection'
    /Users/Admin/.rvm/gems/ruby-1.9.1-p431@global/gems/activerecord-2.3.5/lib/active_record/connection_adapters/abstract/connection_specification.rb:123:in `retrieve_connection'
    /Users/Admin/.rvm/gems/ruby-1.9.1-p431@global/gems/activerecord-2.3.5/lib/active_record/connection_adapters/abstract/connection_specification.rb:115:in `connection'
    /Users/Admin/.rvm/gems/ruby-1.9.1-p431@global/gems/activerecord-2.3.5/lib/active_record/query_cache.rb:9:in `cache'
    /Users/Admin/.rvm/gems/ruby-1.9.1-p431@global/gems/activerecord-2.3.5/lib/active_record/query_cache.rb:28:in `call'
    /Users/Admin/.rvm/gems/ruby-1.9.1-p431@global/gems/activerecord-2.3.5/lib/active_record/connection_adapters/abstract/connection_pool.rb:361:in `call'
    /Users/Admin/.rvm/gems/ruby-1.9.1-p431@global/gems/actionpack-2.3.5/lib/action_controller/string_coercion.rb:25:in `call'
    /Users/Admin/.rvm/gems/ruby-1.9.1-p431@global/gems/rack-1.0.1/lib/rack/head.rb:9:in `call'
    /Users/Admin/.rvm/gems/ruby-1.9.1-p431@global/gems/rack-1.0.1/lib/rack/methodoverride.rb:24:in `call'
    /Users/Admin/.rvm/gems/ruby-1.9.1-p431@global/gems/actionpack-2.3.5/lib/action_controller/params_parser.rb:15:in `call'
    /Users/Admin/.rvm/gems/ruby-1.9.1-p431@global/gems/actionpack-2.3.5/lib/action_controller/session/cookie_store.rb:93:in `call'
    /Users/Admin/.rvm/gems/ruby-1.9.1-p431@global/gems/actionpack-2.3.5/lib/action_controller/failsafe.rb:26:in `call'
    /Users/Admin/.rvm/gems/ruby-1.9.1-p431@global/gems/rack-1.0.1/lib/rack/lock.rb:11:in `block in call'
    <internal:prelude>:8:in `synchronize'
    /Users/Admin/.rvm/gems/ruby-1.9.1-p431@global/gems/rack-1.0.1/lib/rack/lock.rb:11:in `call'
    /Users/Admin/.rvm/gems/ruby-1.9.1-p431@global/gems/actionpack-2.3.5/lib/action_controller/dispatcher.rb:114:in `block in call'
    /Users/Admin/.rvm/gems/ruby-1.9.1-p431@global/gems/actionpack-2.3.5/lib/action_controller/reloader.rb:34:in `run'
    /Users/Admin/.rvm/gems/ruby-1.9.1-p431@global/gems/actionpack-2.3.5/lib/action_controller/dispatcher.rb:108:in `call'
    /Users/Admin/.rvm/gems/ruby-1.9.1-p431@global/gems/rails-2.3.5/lib/rails/rack/static.rb:31:in `call'
    /Users/Admin/.rvm/gems/ruby-1.9.1-p431@global/gems/rack-1.0.1/lib/rack/urlmap.rb:46:in `block in call'
    /Users/Admin/.rvm/gems/ruby-1.9.1-p431@global/gems/rack-1.0.1/lib/rack/urlmap.rb:40:in `each'
    /Users/Admin/.rvm/gems/ruby-1.9.1-p431@global/gems/rack-1.0.1/lib/rack/urlmap.rb:40:in `call'
    /Users/Admin/.rvm/gems/ruby-1.9.1-p431@global/gems/rails-2.3.5/lib/rails/rack/log_tailer.rb:17:in `call'
    /Users/Admin/.rvm/gems/ruby-1.9.1-p431@global/gems/rack-1.0.1/lib/rack/content_length.rb:13:in `call'
    /Users/Admin/.rvm/gems/ruby-1.9.1-p431@global/gems/rack-1.0.1/lib/rack/handler/webrick.rb:50:in `service'
    /Users/Admin/.rvm/rubies/ruby-1.9.1-p431/lib/ruby/1.9.1/webrick/httpserver.rb:111:in `service'
    /Users/Admin/.rvm/rubies/ruby-1.9.1-p431/lib/ruby/1.9.1/webrick/httpserver.rb:70:in `run'
    /Users/Admin/.rvm/rubies/ruby-1.9.1-p431/lib/ruby/1.9.1/webrick/server.rb:183:in `block in start_thread'
/!\ FAILSAFE /!\  2014-04-15 12:53:03 +0700
  Status: 500 Internal Server Error
  no such file to load -- sqlite3
    /Users/Admin/.rvm/rubies/ruby-1.9.1-p431/lib/ruby/site_ruby/1.9.1/rubygems/custom_require.rb:36:in `require'
    /Users/Admin/.rvm/rubies/ruby-1.9.1-p431/lib/ruby/site_ruby/1.9.1/rubygems/custom_require.rb:36:in `require'
    /Users/Admin/.rvm/gems/ruby-1.9.1-p431@global/gems/activesupport-2.3.5/lib/active_support/dependencies.rb:156:in `block in require'
    /Users/Admin/.rvm/gems/ruby-1.9.1-p431@global/gems/activesupport-2.3.5/lib/active_support/dependencies.rb:521:in `new_constants_in'
    /Users/Admin/.rvm/gems/ruby-1.9.1-p431@global/gems/activesupport-2.3.5/lib/active_support/dependencies.rb:156:in `require'
    /Users/Admin/.rvm/gems/ruby-1.9.1-p431@global/gems/activesupport-2.3.5/lib/active_support/core_ext/kernel/requires.rb:7:in `block in require_library_or_gem'
    /Users/Admin/.rvm/gems/ruby-1.9.1-p431@global/gems/activesupport-2.3.5/lib/active_support/core_ext/kernel/reporting.rb:11:in `silence_warnings'
    /Users/Admin/.rvm/gems/ruby-1.9.1-p431@global/gems/activesupport-2.3.5/lib/active_support/core_ext/kernel/requires.rb:5:in `require_library_or_gem'
    /Users/Admin/.rvm/gems/ruby-1.9.1-p431@global/gems/activerecord-2.3.5/lib/active_record/connection_adapters/sqlite3_adapter.rb:10:in `sqlite3_connection'
    /Users/Admin/.rvm/gems/ruby-1.9.1-p431@global/gems/activerecord-2.3.5/lib/active_record/connection_adapters/abstract/connection_pool.rb:223:in `new_connection'
    /Users/Admin/.rvm/gems/ruby-1.9.1-p431@global/gems/activerecord-2.3.5/lib/active_record/connection_adapters/abstract/connection_pool.rb:245:in `checkout_new_connection'
    /Users/Admin/.rvm/gems/ruby-1.9.1-p431@global/gems/activerecord-2.3.5/lib/active_record/connection_adapters/abstract/connection_pool.rb:188:in `block (2 levels) in checkout'
    /Users/Admin/.rvm/gems/ruby-1.9.1-p431@global/gems/activerecord-2.3.5/lib/active_record/connection_adapters/abstract/connection_pool.rb:184:in `loop'
    /Users/Admin/.rvm/gems/ruby-1.9.1-p431@global/gems/activerecord-2.3.5/lib/active_record/connection_adapters/abstract/connection_pool.rb:184:in `block in checkout'
    /Users/Admin/.rvm/rubies/ruby-1.9.1-p431/lib/ruby/1.9.1/monitor.rb:190:in `mon_synchronize'
    /Users/Admin/.rvm/gems/ruby-1.9.1-p431@global/gems/activerecord-2.3.5/lib/active_record/connection_adapters/abstract/connection_pool.rb:183:in `checkout'
    /Users/Admin/.rvm/gems/ruby-1.9.1-p431@global/gems/activerecord-2.3.5/lib/active_record/connection_adapters/abstract/connection_pool.rb:98:in `connection'
    /Users/Admin/.rvm/gems/ruby-1.9.1-p431@global/gems/activerecord-2.3.5/lib/active_record/connection_adapters/abstract/connection_pool.rb:326:in `retrieve_connection'
    /Users/Admin/.rvm/gems/ruby-1.9.1-p431@global/gems/activerecord-2.3.5/lib/active_record/connection_adapters/abstract/connection_specification.rb:123:in `retrieve_connection'
    /Users/Admin/.rvm/gems/ruby-1.9.1-p431@global/gems/activerecord-2.3.5/lib/active_record/connection_adapters/abstract/connection_specification.rb:115:in `connection'
    /Users/Admin/.rvm/gems/ruby-1.9.1-p431@global/gems/activerecord-2.3.5/lib/active_record/query_cache.rb:9:in `cache'
    /Users/Admin/.rvm/gems/ruby-1.9.1-p431@global/gems/activerecord-2.3.5/lib/active_record/query_cache.rb:28:in `call'
    /Users/Admin/.rvm/gems/ruby-1.9.1-p431@global/gems/activerecord-2.3.5/lib/active_record/connection_adapters/abstract/connection_pool.rb:361:in `call'
    /Users/Admin/.rvm/gems/ruby-1.9.1-p431@global/gems/actionpack-2.3.5/lib/action_controller/string_coercion.rb:25:in `call'
    /Users/Admin/.rvm/gems/ruby-1.9.1-p431@global/gems/rack-1.0.1/lib/rack/head.rb:9:in `call'
    /Users/Admin/.rvm/gems/ruby-1.9.1-p431@global/gems/rack-1.0.1/lib/rack/methodoverride.rb:24:in `call'
    /Users/Admin/.rvm/gems/ruby-1.9.1-p431@global/gems/actionpack-2.3.5/lib/action_controller/params_parser.rb:15:in `call'
    /Users/Admin/.rvm/gems/ruby-1.9.1-p431@global/gems/actionpack-2.3.5/lib/action_controller/session/cookie_store.rb:93:in `call'
    /Users/Admin/.rvm/gems/ruby-1.9.1-p431@global/gems/actionpack-2.3.5/lib/action_controller/failsafe.rb:26:in `call'
    /Users/Admin/.rvm/gems/ruby-1.9.1-p431@global/gems/rack-1.0.1/lib/rack/lock.rb:11:in `block in call'
    <internal:prelude>:8:in `synchronize'
    /Users/Admin/.rvm/gems/ruby-1.9.1-p431@global/gems/rack-1.0.1/lib/rack/lock.rb:11:in `call'
    /Users/Admin/.rvm/gems/ruby-1.9.1-p431@global/gems/actionpack-2.3.5/lib/action_controller/dispatcher.rb:114:in `block in call'
    /Users/Admin/.rvm/gems/ruby-1.9.1-p431@global/gems/actionpack-2.3.5/lib/action_controller/reloader.rb:34:in `run'
    /Users/Admin/.rvm/gems/ruby-1.9.1-p431@global/gems/actionpack-2.3.5/lib/action_controller/dispatcher.rb:108:in `call'
    /Users/Admin/.rvm/gems/ruby-1.9.1-p431@global/gems/rails-2.3.5/lib/rails/rack/static.rb:31:in `call'
    /Users/Admin/.rvm/gems/ruby-1.9.1-p431@global/gems/rack-1.0.1/lib/rack/urlmap.rb:46:in `block in call'
    /Users/Admin/.rvm/gems/ruby-1.9.1-p431@global/gems/rack-1.0.1/lib/rack/urlmap.rb:40:in `each'
    /Users/Admin/.rvm/gems/ruby-1.9.1-p431@global/gems/rack-1.0.1/lib/rack/urlmap.rb:40:in `call'
    /Users/Admin/.rvm/gems/ruby-1.9.1-p431@global/gems/rails-2.3.5/lib/rails/rack/log_tailer.rb:17:in `call'
    /Users/Admin/.rvm/gems/ruby-1.9.1-p431@global/gems/rack-1.0.1/lib/rack/content_length.rb:13:in `call'
    /Users/Admin/.rvm/gems/ruby-1.9.1-p431@global/gems/rack-1.0.1/lib/rack/handler/webrick.rb:50:in `service'
    /Users/Admin/.rvm/rubies/ruby-1.9.1-p431/lib/ruby/1.9.1/webrick/httpserver.rb:111:in `service'
    /Users/Admin/.rvm/rubies/ruby-1.9.1-p431/lib/ruby/1.9.1/webrick/httpserver.rb:70:in `run'
    /Users/Admin/.rvm/rubies/ruby-1.9.1-p431/lib/ruby/1.9.1/webrick/server.rb:183:in `block in start_thread'
/!\ FAILSAFE /!\  2014-04-15 12:53:56 +0700
  Status: 500 Internal Server Error
  no such file to load -- sqlite3
    /Users/Admin/.rvm/rubies/ruby-1.9.1-p431/lib/ruby/site_ruby/1.9.1/rubygems/custom_require.rb:36:in `require'
    /Users/Admin/.rvm/rubies/ruby-1.9.1-p431/lib/ruby/site_ruby/1.9.1/rubygems/custom_require.rb:36:in `require'
    /Users/Admin/.rvm/gems/ruby-1.9.1-p431@global/gems/activesupport-2.3.5/lib/active_support/dependencies.rb:156:in `block in require'
    /Users/Admin/.rvm/gems/ruby-1.9.1-p431@global/gems/activesupport-2.3.5/lib/active_support/dependencies.rb:521:in `new_constants_in'
    /Users/Admin/.rvm/gems/ruby-1.9.1-p431@global/gems/activesupport-2.3.5/lib/active_support/dependencies.rb:156:in `require'
    /Users/Admin/.rvm/gems/ruby-1.9.1-p431@global/gems/activesupport-2.3.5/lib/active_support/core_ext/kernel/requires.rb:7:in `block in require_library_or_gem'
    /Users/Admin/.rvm/gems/ruby-1.9.1-p431@global/gems/activesupport-2.3.5/lib/active_support/core_ext/kernel/reporting.rb:11:in `silence_warnings'
    /Users/Admin/.rvm/gems/ruby-1.9.1-p431@global/gems/activesupport-2.3.5/lib/active_support/core_ext/kernel/requires.rb:5:in `require_library_or_gem'
    /Users/Admin/.rvm/gems/ruby-1.9.1-p431@global/gems/activerecord-2.3.5/lib/active_record/connection_adapters/sqlite3_adapter.rb:10:in `sqlite3_connection'
    /Users/Admin/.rvm/gems/ruby-1.9.1-p431@global/gems/activerecord-2.3.5/lib/active_record/connection_adapters/abstract/connection_pool.rb:223:in `new_connection'
    /Users/Admin/.rvm/gems/ruby-1.9.1-p431@global/gems/activerecord-2.3.5/lib/active_record/connection_adapters/abstract/connection_pool.rb:245:in `checkout_new_connection'
    /Users/Admin/.rvm/gems/ruby-1.9.1-p431@global/gems/activerecord-2.3.5/lib/active_record/connection_adapters/abstract/connection_pool.rb:188:in `block (2 levels) in checkout'
    /Users/Admin/.rvm/gems/ruby-1.9.1-p431@global/gems/activerecord-2.3.5/lib/active_record/connection_adapters/abstract/connection_pool.rb:184:in `loop'
    /Users/Admin/.rvm/gems/ruby-1.9.1-p431@global/gems/activerecord-2.3.5/lib/active_record/connection_adapters/abstract/connection_pool.rb:184:in `block in checkout'
    /Users/Admin/.rvm/rubies/ruby-1.9.1-p431/lib/ruby/1.9.1/monitor.rb:190:in `mon_synchronize'
    /Users/Admin/.rvm/gems/ruby-1.9.1-p431@global/gems/activerecord-2.3.5/lib/active_record/connection_adapters/abstract/connection_pool.rb:183:in `checkout'
    /Users/Admin/.rvm/gems/ruby-1.9.1-p431@global/gems/activerecord-2.3.5/lib/active_record/connection_adapters/abstract/connection_pool.rb:98:in `connection'
    /Users/Admin/.rvm/gems/ruby-1.9.1-p431@global/gems/activerecord-2.3.5/lib/active_record/connection_adapters/abstract/connection_pool.rb:326:in `retrieve_connection'
    /Users/Admin/.rvm/gems/ruby-1.9.1-p431@global/gems/activerecord-2.3.5/lib/active_record/connection_adapters/abstract/connection_specification.rb:123:in `retrieve_connection'
    /Users/Admin/.rvm/gems/ruby-1.9.1-p431@global/gems/activerecord-2.3.5/lib/active_record/connection_adapters/abstract/connection_specification.rb:115:in `connection'
    /Users/Admin/.rvm/gems/ruby-1.9.1-p431@global/gems/activerecord-2.3.5/lib/active_record/query_cache.rb:9:in `cache'
    /Users/Admin/.rvm/gems/ruby-1.9.1-p431@global/gems/activerecord-2.3.5/lib/active_record/query_cache.rb:28:in `call'
    /Users/Admin/.rvm/gems/ruby-1.9.1-p431@global/gems/activerecord-2.3.5/lib/active_record/connection_adapters/abstract/connection_pool.rb:361:in `call'
    /Users/Admin/.rvm/gems/ruby-1.9.1-p431@global/gems/actionpack-2.3.5/lib/action_controller/string_coercion.rb:25:in `call'
    /Users/Admin/.rvm/gems/ruby-1.9.1-p431@global/gems/rack-1.0.1/lib/rack/head.rb:9:in `call'
    /Users/Admin/.rvm/gems/ruby-1.9.1-p431@global/gems/rack-1.0.1/lib/rack/methodoverride.rb:24:in `call'
    /Users/Admin/.rvm/gems/ruby-1.9.1-p431@global/gems/actionpack-2.3.5/lib/action_controller/params_parser.rb:15:in `call'
    /Users/Admin/.rvm/gems/ruby-1.9.1-p431@global/gems/actionpack-2.3.5/lib/action_controller/session/cookie_store.rb:93:in `call'
    /Users/Admin/.rvm/gems/ruby-1.9.1-p431@global/gems/actionpack-2.3.5/lib/action_controller/failsafe.rb:26:in `call'
    /Users/Admin/.rvm/gems/ruby-1.9.1-p431@global/gems/rack-1.0.1/lib/rack/lock.rb:11:in `block in call'
    <internal:prelude>:8:in `synchronize'
    /Users/Admin/.rvm/gems/ruby-1.9.1-p431@global/gems/rack-1.0.1/lib/rack/lock.rb:11:in `call'
    /Users/Admin/.rvm/gems/ruby-1.9.1-p431@global/gems/actionpack-2.3.5/lib/action_controller/dispatcher.rb:114:in `block in call'
    /Users/Admin/.rvm/gems/ruby-1.9.1-p431@global/gems/actionpack-2.3.5/lib/action_controller/reloader.rb:34:in `run'
    /Users/Admin/.rvm/gems/ruby-1.9.1-p431@global/gems/actionpack-2.3.5/lib/action_controller/dispatcher.rb:108:in `call'
    /Users/Admin/.rvm/gems/ruby-1.9.1-p431@global/gems/rails-2.3.5/lib/rails/rack/static.rb:31:in `call'
    /Users/Admin/.rvm/gems/ruby-1.9.1-p431@global/gems/rack-1.0.1/lib/rack/urlmap.rb:46:in `block in call'
    /Users/Admin/.rvm/gems/ruby-1.9.1-p431@global/gems/rack-1.0.1/lib/rack/urlmap.rb:40:in `each'
    /Users/Admin/.rvm/gems/ruby-1.9.1-p431@global/gems/rack-1.0.1/lib/rack/urlmap.rb:40:in `call'
    /Users/Admin/.rvm/gems/ruby-1.9.1-p431@global/gems/rails-2.3.5/lib/rails/rack/log_tailer.rb:17:in `call'
    /Users/Admin/.rvm/gems/ruby-1.9.1-p431@global/gems/rack-1.0.1/lib/rack/content_length.rb:13:in `call'
    /Users/Admin/.rvm/gems/ruby-1.9.1-p431@global/gems/rack-1.0.1/lib/rack/handler/webrick.rb:50:in `service'
    /Users/Admin/.rvm/rubies/ruby-1.9.1-p431/lib/ruby/1.9.1/webrick/httpserver.rb:111:in `service'
    /Users/Admin/.rvm/rubies/ruby-1.9.1-p431/lib/ruby/1.9.1/webrick/httpserver.rb:70:in `run'
    /Users/Admin/.rvm/rubies/ruby-1.9.1-p431/lib/ruby/1.9.1/webrick/server.rb:183:in `block in start_thread'
/!\ FAILSAFE /!\  2014-04-15 12:55:13 +0700
  Status: 500 Internal Server Error
  no such file to load -- sqlite3
    /Users/Admin/.rvm/rubies/ruby-1.9.1-p431/lib/ruby/site_ruby/1.9.1/rubygems/custom_require.rb:36:in `require'
    /Users/Admin/.rvm/rubies/ruby-1.9.1-p431/lib/ruby/site_ruby/1.9.1/rubygems/custom_require.rb:36:in `require'
    /Users/Admin/.rvm/gems/ruby-1.9.1-p431@global/gems/activesupport-2.3.5/lib/active_support/dependencies.rb:156:in `block in require'
    /Users/Admin/.rvm/gems/ruby-1.9.1-p431@global/gems/activesupport-2.3.5/lib/active_support/dependencies.rb:521:in `new_constants_in'
    /Users/Admin/.rvm/gems/ruby-1.9.1-p431@global/gems/activesupport-2.3.5/lib/active_support/dependencies.rb:156:in `require'
    /Users/Admin/.rvm/gems/ruby-1.9.1-p431@global/gems/activesupport-2.3.5/lib/active_support/core_ext/kernel/requires.rb:7:in `block in require_library_or_gem'
    /Users/Admin/.rvm/gems/ruby-1.9.1-p431@global/gems/activesupport-2.3.5/lib/active_support/core_ext/kernel/reporting.rb:11:in `silence_warnings'
    /Users/Admin/.rvm/gems/ruby-1.9.1-p431@global/gems/activesupport-2.3.5/lib/active_support/core_ext/kernel/requires.rb:5:in `require_library_or_gem'
    /Users/Admin/.rvm/gems/ruby-1.9.1-p431@global/gems/activerecord-2.3.5/lib/active_record/connection_adapters/sqlite3_adapter.rb:10:in `sqlite3_connection'
    /Users/Admin/.rvm/gems/ruby-1.9.1-p431@global/gems/activerecord-2.3.5/lib/active_record/connection_adapters/abstract/connection_pool.rb:223:in `new_connection'
    /Users/Admin/.rvm/gems/ruby-1.9.1-p431@global/gems/activerecord-2.3.5/lib/active_record/connection_adapters/abstract/connection_pool.rb:245:in `checkout_new_connection'
    /Users/Admin/.rvm/gems/ruby-1.9.1-p431@global/gems/activerecord-2.3.5/lib/active_record/connection_adapters/abstract/connection_pool.rb:188:in `block (2 levels) in checkout'
    /Users/Admin/.rvm/gems/ruby-1.9.1-p431@global/gems/activerecord-2.3.5/lib/active_record/connection_adapters/abstract/connection_pool.rb:184:in `loop'
    /Users/Admin/.rvm/gems/ruby-1.9.1-p431@global/gems/activerecord-2.3.5/lib/active_record/connection_adapters/abstract/connection_pool.rb:184:in `block in checkout'
    /Users/Admin/.rvm/rubies/ruby-1.9.1-p431/lib/ruby/1.9.1/monitor.rb:190:in `mon_synchronize'
    /Users/Admin/.rvm/gems/ruby-1.9.1-p431@global/gems/activerecord-2.3.5/lib/active_record/connection_adapters/abstract/connection_pool.rb:183:in `checkout'
    /Users/Admin/.rvm/gems/ruby-1.9.1-p431@global/gems/activerecord-2.3.5/lib/active_record/connection_adapters/abstract/connection_pool.rb:98:in `connection'
    /Users/Admin/.rvm/gems/ruby-1.9.1-p431@global/gems/activerecord-2.3.5/lib/active_record/connection_adapters/abstract/connection_pool.rb:326:in `retrieve_connection'
    /Users/Admin/.rvm/gems/ruby-1.9.1-p431@global/gems/activerecord-2.3.5/lib/active_record/connection_adapters/abstract/connection_specification.rb:123:in `retrieve_connection'
    /Users/Admin/.rvm/gems/ruby-1.9.1-p431@global/gems/activerecord-2.3.5/lib/active_record/connection_adapters/abstract/connection_specification.rb:115:in `connection'
    /Users/Admin/.rvm/gems/ruby-1.9.1-p431@global/gems/activerecord-2.3.5/lib/active_record/query_cache.rb:9:in `cache'
    /Users/Admin/.rvm/gems/ruby-1.9.1-p431@global/gems/activerecord-2.3.5/lib/active_record/query_cache.rb:28:in `call'
    /Users/Admin/.rvm/gems/ruby-1.9.1-p431@global/gems/activerecord-2.3.5/lib/active_record/connection_adapters/abstract/connection_pool.rb:361:in `call'
    /Users/Admin/.rvm/gems/ruby-1.9.1-p431@global/gems/actionpack-2.3.5/lib/action_controller/string_coercion.rb:25:in `call'
    /Users/Admin/.rvm/gems/ruby-1.9.1-p431@global/gems/rack-1.0.1/lib/rack/head.rb:9:in `call'
    /Users/Admin/.rvm/gems/ruby-1.9.1-p431@global/gems/rack-1.0.1/lib/rack/methodoverride.rb:24:in `call'
    /Users/Admin/.rvm/gems/ruby-1.9.1-p431@global/gems/actionpack-2.3.5/lib/action_controller/params_parser.rb:15:in `call'
    /Users/Admin/.rvm/gems/ruby-1.9.1-p431@global/gems/actionpack-2.3.5/lib/action_controller/session/cookie_store.rb:93:in `call'
    /Users/Admin/.rvm/gems/ruby-1.9.1-p431@global/gems/actionpack-2.3.5/lib/action_controller/failsafe.rb:26:in `call'
    /Users/Admin/.rvm/gems/ruby-1.9.1-p431@global/gems/rack-1.0.1/lib/rack/lock.rb:11:in `block in call'
    <internal:prelude>:8:in `synchronize'
    /Users/Admin/.rvm/gems/ruby-1.9.1-p431@global/gems/rack-1.0.1/lib/rack/lock.rb:11:in `call'
    /Users/Admin/.rvm/gems/ruby-1.9.1-p431@global/gems/actionpack-2.3.5/lib/action_controller/dispatcher.rb:114:in `block in call'
    /Users/Admin/.rvm/gems/ruby-1.9.1-p431@global/gems/actionpack-2.3.5/lib/action_controller/reloader.rb:34:in `run'
    /Users/Admin/.rvm/gems/ruby-1.9.1-p431@global/gems/actionpack-2.3.5/lib/action_controller/dispatcher.rb:108:in `call'
    /Users/Admin/.rvm/gems/ruby-1.9.1-p431@global/gems/rails-2.3.5/lib/rails/rack/static.rb:31:in `call'
    /Users/Admin/.rvm/gems/ruby-1.9.1-p431@global/gems/rack-1.0.1/lib/rack/urlmap.rb:46:in `block in call'
    /Users/Admin/.rvm/gems/ruby-1.9.1-p431@global/gems/rack-1.0.1/lib/rack/urlmap.rb:40:in `each'
    /Users/Admin/.rvm/gems/ruby-1.9.1-p431@global/gems/rack-1.0.1/lib/rack/urlmap.rb:40:in `call'
    /Users/Admin/.rvm/gems/ruby-1.9.1-p431@global/gems/rails-2.3.5/lib/rails/rack/log_tailer.rb:17:in `call'
    /Users/Admin/.rvm/gems/ruby-1.9.1-p431@global/gems/rack-1.0.1/lib/rack/content_length.rb:13:in `call'
    /Users/Admin/.rvm/gems/ruby-1.9.1-p431@global/gems/rack-1.0.1/lib/rack/handler/webrick.rb:50:in `service'
    /Users/Admin/.rvm/rubies/ruby-1.9.1-p431/lib/ruby/1.9.1/webrick/httpserver.rb:111:in `service'
    /Users/Admin/.rvm/rubies/ruby-1.9.1-p431/lib/ruby/1.9.1/webrick/httpserver.rb:70:in `run'
    /Users/Admin/.rvm/rubies/ruby-1.9.1-p431/lib/ruby/1.9.1/webrick/server.rb:183:in `block in start_thread'
/!\ FAILSAFE /!\  2014-04-15 12:55:36 +0700
  Status: 500 Internal Server Error
  no such file to load -- sqlite3
    /Users/Admin/.rvm/rubies/ruby-1.9.1-p431/lib/ruby/site_ruby/1.9.1/rubygems/custom_require.rb:36:in `require'
    /Users/Admin/.rvm/rubies/ruby-1.9.1-p431/lib/ruby/site_ruby/1.9.1/rubygems/custom_require.rb:36:in `require'
    /Users/Admin/.rvm/gems/ruby-1.9.1-p431@global/gems/activesupport-2.3.5/lib/active_support/dependencies.rb:156:in `block in require'
    /Users/Admin/.rvm/gems/ruby-1.9.1-p431@global/gems/activesupport-2.3.5/lib/active_support/dependencies.rb:521:in `new_constants_in'
    /Users/Admin/.rvm/gems/ruby-1.9.1-p431@global/gems/activesupport-2.3.5/lib/active_support/dependencies.rb:156:in `require'
    /Users/Admin/.rvm/gems/ruby-1.9.1-p431@global/gems/activesupport-2.3.5/lib/active_support/core_ext/kernel/requires.rb:7:in `block in require_library_or_gem'
    /Users/Admin/.rvm/gems/ruby-1.9.1-p431@global/gems/activesupport-2.3.5/lib/active_support/core_ext/kernel/reporting.rb:11:in `silence_warnings'
    /Users/Admin/.rvm/gems/ruby-1.9.1-p431@global/gems/activesupport-2.3.5/lib/active_support/core_ext/kernel/requires.rb:5:in `require_library_or_gem'
    /Users/Admin/.rvm/gems/ruby-1.9.1-p431@global/gems/activerecord-2.3.5/lib/active_record/connection_adapters/sqlite3_adapter.rb:10:in `sqlite3_connection'
    /Users/Admin/.rvm/gems/ruby-1.9.1-p431@global/gems/activerecord-2.3.5/lib/active_record/connection_adapters/abstract/connection_pool.rb:223:in `new_connection'
    /Users/Admin/.rvm/gems/ruby-1.9.1-p431@global/gems/activerecord-2.3.5/lib/active_record/connection_adapters/abstract/connection_pool.rb:245:in `checkout_new_connection'
    /Users/Admin/.rvm/gems/ruby-1.9.1-p431@global/gems/activerecord-2.3.5/lib/active_record/connection_adapters/abstract/connection_pool.rb:188:in `block (2 levels) in checkout'
    /Users/Admin/.rvm/gems/ruby-1.9.1-p431@global/gems/activerecord-2.3.5/lib/active_record/connection_adapters/abstract/connection_pool.rb:184:in `loop'
    /Users/Admin/.rvm/gems/ruby-1.9.1-p431@global/gems/activerecord-2.3.5/lib/active_record/connection_adapters/abstract/connection_pool.rb:184:in `block in checkout'
    /Users/Admin/.rvm/rubies/ruby-1.9.1-p431/lib/ruby/1.9.1/monitor.rb:190:in `mon_synchronize'
    /Users/Admin/.rvm/gems/ruby-1.9.1-p431@global/gems/activerecord-2.3.5/lib/active_record/connection_adapters/abstract/connection_pool.rb:183:in `checkout'
    /Users/Admin/.rvm/gems/ruby-1.9.1-p431@global/gems/activerecord-2.3.5/lib/active_record/connection_adapters/abstract/connection_pool.rb:98:in `connection'
    /Users/Admin/.rvm/gems/ruby-1.9.1-p431@global/gems/activerecord-2.3.5/lib/active_record/connection_adapters/abstract/connection_pool.rb:326:in `retrieve_connection'
    /Users/Admin/.rvm/gems/ruby-1.9.1-p431@global/gems/activerecord-2.3.5/lib/active_record/connection_adapters/abstract/connection_specification.rb:123:in `retrieve_connection'
    /Users/Admin/.rvm/gems/ruby-1.9.1-p431@global/gems/activerecord-2.3.5/lib/active_record/connection_adapters/abstract/connection_specification.rb:115:in `connection'
    /Users/Admin/.rvm/gems/ruby-1.9.1-p431@global/gems/activerecord-2.3.5/lib/active_record/query_cache.rb:9:in `cache'
    /Users/Admin/.rvm/gems/ruby-1.9.1-p431@global/gems/activerecord-2.3.5/lib/active_record/query_cache.rb:28:in `call'
    /Users/Admin/.rvm/gems/ruby-1.9.1-p431@global/gems/activerecord-2.3.5/lib/active_record/connection_adapters/abstract/connection_pool.rb:361:in `call'
    /Users/Admin/.rvm/gems/ruby-1.9.1-p431@global/gems/actionpack-2.3.5/lib/action_controller/string_coercion.rb:25:in `call'
    /Users/Admin/.rvm/gems/ruby-1.9.1-p431@global/gems/rack-1.0.1/lib/rack/head.rb:9:in `call'
    /Users/Admin/.rvm/gems/ruby-1.9.1-p431@global/gems/rack-1.0.1/lib/rack/methodoverride.rb:24:in `call'
    /Users/Admin/.rvm/gems/ruby-1.9.1-p431@global/gems/actionpack-2.3.5/lib/action_controller/params_parser.rb:15:in `call'
    /Users/Admin/.rvm/gems/ruby-1.9.1-p431@global/gems/actionpack-2.3.5/lib/action_controller/session/cookie_store.rb:93:in `call'
    /Users/Admin/.rvm/gems/ruby-1.9.1-p431@global/gems/actionpack-2.3.5/lib/action_controller/failsafe.rb:26:in `call'
    /Users/Admin/.rvm/gems/ruby-1.9.1-p431@global/gems/rack-1.0.1/lib/rack/lock.rb:11:in `block in call'
    <internal:prelude>:8:in `synchronize'
    /Users/Admin/.rvm/gems/ruby-1.9.1-p431@global/gems/rack-1.0.1/lib/rack/lock.rb:11:in `call'
    /Users/Admin/.rvm/gems/ruby-1.9.1-p431@global/gems/actionpack-2.3.5/lib/action_controller/dispatcher.rb:114:in `block in call'
    /Users/Admin/.rvm/gems/ruby-1.9.1-p431@global/gems/actionpack-2.3.5/lib/action_controller/reloader.rb:34:in `run'
    /Users/Admin/.rvm/gems/ruby-1.9.1-p431@global/gems/actionpack-2.3.5/lib/action_controller/dispatcher.rb:108:in `call'
    /Users/Admin/.rvm/gems/ruby-1.9.1-p431@global/gems/rails-2.3.5/lib/rails/rack/static.rb:31:in `call'
    /Users/Admin/.rvm/gems/ruby-1.9.1-p431@global/gems/rack-1.0.1/lib/rack/urlmap.rb:46:in `block in call'
    /Users/Admin/.rvm/gems/ruby-1.9.1-p431@global/gems/rack-1.0.1/lib/rack/urlmap.rb:40:in `each'
    /Users/Admin/.rvm/gems/ruby-1.9.1-p431@global/gems/rack-1.0.1/lib/rack/urlmap.rb:40:in `call'
    /Users/Admin/.rvm/gems/ruby-1.9.1-p431@global/gems/rails-2.3.5/lib/rails/rack/log_tailer.rb:17:in `call'
    /Users/Admin/.rvm/gems/ruby-1.9.1-p431@global/gems/rack-1.0.1/lib/rack/content_length.rb:13:in `call'
    /Users/Admin/.rvm/gems/ruby-1.9.1-p431@global/gems/rack-1.0.1/lib/rack/handler/webrick.rb:50:in `service'
    /Users/Admin/.rvm/rubies/ruby-1.9.1-p431/lib/ruby/1.9.1/webrick/httpserver.rb:111:in `service'
    /Users/Admin/.rvm/rubies/ruby-1.9.1-p431/lib/ruby/1.9.1/webrick/httpserver.rb:70:in `run'
    /Users/Admin/.rvm/rubies/ruby-1.9.1-p431/lib/ruby/1.9.1/webrick/server.rb:183:in `block in start_thread'


Processing HomeController#index (for 127.0.0.1 at 2014-04-15 12:58:06) [GET]
Rendering home/index
Completed in 65ms (View: 64, DB: 0) | 200 OK [http://localhost/]


Processing HomeController#index (for 127.0.0.1 at 2014-04-15 13:02:17) [GET]
Rendering home/index
Completed in 9ms (View: 8, DB: 0) | 200 OK [http://localhost/]


Processing HomeController#index (for 127.0.0.1 at 2014-04-15 13:05:35) [GET]
Rendering home/index
Completed in 9ms (View: 8, DB: 0) | 200 OK [http://localhost/]


Processing HomeController#index (for 127.0.0.1 at 2014-04-15 13:10:33) [GET]
Rendering home/index
Completed in 8ms (View: 7, DB: 0) | 200 OK [http://localhost/]


Processing HomeController#index (for 127.0.0.1 at 2014-04-15 13:10:36) [GET]
Rendering home/index
Completed in 2ms (View: 1, DB: 0) | 200 OK [http://localhost/]


Processing HomeController#index (for 127.0.0.1 at 2014-04-15 13:13:09) [GET]
Rendering home/index
Completed in 10ms (View: 7, DB: 0) | 200 OK [http://localhost/]


Processing ApplicationController#index (for 127.0.0.1 at 2014-04-15 13:13:09) [GET]

ActionController::RoutingError (No route matches "/public/stylesheets/index.css" with {:method=>:get}):
  <internal:prelude>:8:in `synchronize'
  /Users/Admin/.rvm/rubies/ruby-1.9.1-p431/lib/ruby/1.9.1/webrick/httpserver.rb:111:in `service'
  /Users/Admin/.rvm/rubies/ruby-1.9.1-p431/lib/ruby/1.9.1/webrick/httpserver.rb:70:in `run'
  /Users/Admin/.rvm/rubies/ruby-1.9.1-p431/lib/ruby/1.9.1/webrick/server.rb:183:in `block in start_thread'

Rendering rescues/layout (not_found)


Processing HomeController#index (for 127.0.0.1 at 2014-04-15 13:13:49) [GET]
Rendering home/index
Completed in 8ms (View: 7, DB: 0) | 200 OK [http://localhost/]


Processing ApplicationController#index (for 127.0.0.1 at 2014-04-15 13:13:49) [GET]

ActionController::RoutingError (No route matches "/public/stylesheets/index.css" with {:method=>:get}):
  <internal:prelude>:8:in `synchronize'
  /Users/Admin/.rvm/rubies/ruby-1.9.1-p431/lib/ruby/1.9.1/webrick/httpserver.rb:111:in `service'
  /Users/Admin/.rvm/rubies/ruby-1.9.1-p431/lib/ruby/1.9.1/webrick/httpserver.rb:70:in `run'
  /Users/Admin/.rvm/rubies/ruby-1.9.1-p431/lib/ruby/1.9.1/webrick/server.rb:183:in `block in start_thread'

Rendering rescues/layout (not_found)


Processing HomeController#index (for 127.0.0.1 at 2014-04-15 13:13:51) [GET]
Rendering home/index
Completed in 2ms (View: 1, DB: 0) | 200 OK [http://localhost/]


Processing ApplicationController#index (for 127.0.0.1 at 2014-04-15 13:13:52) [GET]

ActionController::RoutingError (No route matches "/public/stylesheets/index.css" with {:method=>:get}):
  <internal:prelude>:8:in `synchronize'
  /Users/Admin/.rvm/rubies/ruby-1.9.1-p431/lib/ruby/1.9.1/webrick/httpserver.rb:111:in `service'
  /Users/Admin/.rvm/rubies/ruby-1.9.1-p431/lib/ruby/1.9.1/webrick/httpserver.rb:70:in `run'
  /Users/Admin/.rvm/rubies/ruby-1.9.1-p431/lib/ruby/1.9.1/webrick/server.rb:183:in `block in start_thread'

Rendering rescues/layout (not_found)


Processing HomeController#index (for 127.0.0.1 at 2014-04-15 13:14:38) [GET]
Rendering home/index
Completed in 8ms (View: 6, DB: 0) | 200 OK [http://localhost/]
